
2023/06/16 (13:45:01) | ===> btop++ v.1.2.13
2023/06/16 (13:45:01) | INFO: Logger set to INFO
2023/06/16 (13:45:01) | INFO: Logger set to DEBUG
2023/06/16 (13:45:03) | INFO: Logger set to DEBUG
2023/06/16 (13:47:39) | DEBUG: Loading theme file: /usr/share/btop/themes/dracula.theme
2023/06/16 (13:47:43) | DEBUG: Loading theme file: /usr/share/btop/themes/kyli0x.theme
2023/06/16 (13:47:49) | DEBUG: Loading theme file: /usr/share/btop/themes/onedark.theme
2023/06/16 (13:47:53) | DEBUG: Loading theme file: /usr/share/btop/themes/HotPurpleTrafficLight.theme
2023/06/16 (13:47:55) | DEBUG: Loading theme file: /usr/share/btop/themes/greyscale.theme
2023/06/16 (13:47:59) | DEBUG: Loading theme file: /usr/share/btop/themes/flat-remix-light.theme
2023/06/16 (13:48:04) | DEBUG: Loading theme file: /usr/share/btop/themes/tomorrow-night.theme
2023/06/16 (13:48:08) | DEBUG: Loading theme file: /usr/share/btop/themes/elementarish.theme
2023/06/16 (13:48:10) | DEBUG: Loading theme file: /usr/share/btop/themes/gruvbox_dark_v2.theme
2023/06/16 (13:48:12) | DEBUG: Loading theme file: /usr/share/btop/themes/tokyo-storm.theme
2023/06/16 (13:48:13) | DEBUG: Loading theme file: /usr/share/btop/themes/gruvbox_dark_v2.theme
2023/06/16 (13:48:16) | DEBUG: Loading theme file: /usr/share/btop/themes/tokyo-storm.theme
2023/06/16 (13:48:20) | DEBUG: Loading theme file: /usr/share/btop/themes/whiteout.theme
2023/06/16 (13:48:21) | DEBUG: Loading theme file: /usr/share/btop/themes/whiteout.theme
2023/06/16 (13:48:25) | DEBUG: Loading theme file: /usr/share/btop/themes/matcha-dark-sea.theme
2023/06/16 (13:48:29) | DEBUG: Loading theme file: /usr/share/btop/themes/matcha-dark-sea.theme
2023/06/16 (13:48:31) | DEBUG: Loading theme file: /usr/share/btop/themes/ayu.theme
2023/06/16 (13:48:34) | DEBUG: Loading theme file: /usr/share/btop/themes/paper.theme
2023/06/16 (13:48:45) | DEBUG: Loading theme file: /usr/share/btop/themes/night-owl.theme
2023/06/16 (13:48:49) | DEBUG: Loading theme file: /usr/share/btop/themes/dusklight.theme
2023/06/16 (13:48:53) | DEBUG: Loading theme file: /usr/share/btop/themes/solarized_dark.theme
2023/06/16 (13:48:57) | DEBUG: Loading theme file: /usr/share/btop/themes/tokyo-night.theme
2023/06/16 (13:48:58) | DEBUG: Loading theme file: /usr/share/btop/themes/gruvbox_material_dark.theme
2023/06/16 (13:50:25) | DEBUG: Writing new config file
2023/06/16 (13:50:25) | INFO: Quitting! Runtime: 00:06:51

2023/06/20 (13:55:04) | ===> btop++ v.1.2.13
2023/06/20 (13:55:04) | INFO: Logger set to DEBUG
2023/06/20 (13:55:04) | DEBUG: Using locale en_US.UTF-8
2023/06/20 (13:55:04) | INFO: Running on /dev/pts/1
2023/06/20 (13:55:04) | DEBUG: Loading theme file: /usr/share/btop/themes/gruvbox_material_dark.theme
2023/06/20 (14:05:13) | DEBUG: Writing new config file
2023/06/20 (14:05:13) | INFO: Quitting! Runtime: 00:10:09

2023/06/20 (16:20:40) | ===> btop++ v.1.2.13
2023/06/20 (16:20:40) | INFO: Logger set to DEBUG
2023/06/20 (16:20:40) | DEBUG: Using locale en_US.UTF-8
2023/06/20 (16:20:40) | INFO: Running on /dev/pts/1
2023/06/20 (16:20:40) | DEBUG: Loading theme file: /usr/share/btop/themes/gruvbox_material_dark.theme
2023/06/20 (16:20:58) | INFO: Quitting! Runtime: 00:00:18

2023/06/20 (16:28:51) | ===> btop++ v.1.2.13
2023/06/20 (16:28:51) | INFO: Logger set to DEBUG
2023/06/20 (16:28:51) | DEBUG: Using locale en_US.UTF-8
2023/06/20 (16:28:51) | INFO: Running on /dev/pts/1
2023/06/20 (16:28:51) | DEBUG: Loading theme file: /usr/share/btop/themes/gruvbox_material_dark.theme

2023/06/21 (21:35:58) | ===> btop++ v.1.2.13
2023/06/21 (21:35:58) | INFO: Logger set to DEBUG
2023/06/21 (21:35:58) | DEBUG: Using locale en_US.UTF-8
2023/06/21 (21:35:58) | INFO: Running on /dev/pts/2
2023/06/21 (21:35:58) | DEBUG: Loading theme file: /usr/share/btop/themes/gruvbox_material_dark.theme
2023/06/21 (21:36:02) | INFO: Quitting! Runtime: 00:00:04

2023/06/22 (09:20:50) | ===> btop++ v.1.2.13
2023/06/22 (09:20:50) | INFO: Logger set to DEBUG
2023/06/22 (09:20:50) | DEBUG: Using locale en_US.UTF-8
2023/06/22 (09:20:50) | INFO: Running on /dev/pts/0
2023/06/22 (09:20:50) | DEBUG: Loading theme file: /usr/share/btop/themes/gruvbox_material_dark.theme
2023/06/22 (09:24:07) | INFO: Quitting! Runtime: 00:03:17

2023/06/22 (10:37:01) | ===> btop++ v.1.2.13
2023/06/22 (10:37:01) | INFO: Logger set to DEBUG
2023/06/22 (10:37:01) | DEBUG: Using locale en_US.UTF-8
2023/06/22 (10:37:01) | INFO: Running on /dev/pts/0
2023/06/22 (10:37:01) | DEBUG: Loading theme file: /usr/share/btop/themes/gruvbox_material_dark.theme
2023/06/22 (10:38:36) | DEBUG: Writing new config file
2023/06/22 (10:38:36) | INFO: Quitting! Runtime: 00:01:35

2023/06/25 (13:57:29) | ===> btop++ v.1.2.13
2023/06/25 (13:57:29) | INFO: Logger set to DEBUG
2023/06/25 (13:57:29) | DEBUG: Using locale en_US.UTF-8
2023/06/25 (13:57:29) | INFO: Running on /dev/pts/3
2023/06/25 (13:57:29) | DEBUG: Loading theme file: /usr/share/btop/themes/gruvbox_material_dark.theme

2023/06/25 (14:45:52) | ===> btop++ v.1.2.13
2023/06/25 (14:45:52) | INFO: Logger set to DEBUG
2023/06/25 (14:45:52) | DEBUG: Using locale en_US.UTF-8
2023/06/25 (14:45:52) | INFO: Running on /dev/pts/3
2023/06/25 (14:45:52) | DEBUG: Loading theme file: /usr/share/btop/themes/gruvbox_material_dark.theme
2023/06/25 (14:48:59) | DEBUG: Writing new config file
2023/06/25 (14:48:59) | INFO: Quitting! Runtime: 00:03:07

2023/06/26 (15:31:12) | ===> btop++ v.1.2.13
2023/06/26 (15:31:12) | INFO: Logger set to DEBUG
2023/06/26 (15:31:12) | DEBUG: Using locale en_US.UTF-8
2023/06/26 (15:31:12) | INFO: Running on /dev/pts/1
2023/06/26 (15:31:12) | DEBUG: Loading theme file: /usr/share/btop/themes/gruvbox_material_dark.theme
2023/06/26 (15:31:23) | DEBUG: Writing new config file
2023/06/26 (15:31:23) | INFO: Quitting! Runtime: 00:00:11

2023/06/28 (20:09:07) | ===> btop++ v.1.2.13
2023/06/28 (20:09:07) | INFO: Logger set to DEBUG
2023/06/28 (20:09:07) | DEBUG: Using locale en_US.UTF-8
2023/06/28 (20:09:07) | INFO: Running on /dev/pts/4
2023/06/28 (20:09:08) | DEBUG: Loading theme file: /usr/share/btop/themes/gruvbox_material_dark.theme

2023/06/28 (20:59:25) | ===> btop++ v.1.2.13
2023/06/28 (20:59:25) | INFO: Logger set to DEBUG
2023/06/28 (20:59:25) | DEBUG: Using locale en_US.UTF-8
2023/06/28 (20:59:25) | INFO: Running on /dev/pts/5
2023/06/28 (20:59:25) | DEBUG: Loading theme file: /usr/share/btop/themes/gruvbox_material_dark.theme

2023/06/29 (16:40:52) | ===> btop++ v.1.2.13
2023/06/29 (16:40:52) | INFO: Logger set to DEBUG
2023/06/29 (16:40:52) | DEBUG: Using locale en_US.UTF-8
2023/06/29 (16:40:52) | INFO: Running on /dev/pts/3
2023/06/29 (16:40:52) | DEBUG: Loading theme file: /usr/share/btop/themes/gruvbox_material_dark.theme

2023/07/01 (21:06:21) | ===> btop++ v.1.2.13
2023/07/01 (21:06:21) | INFO: Logger set to DEBUG
2023/07/01 (21:06:21) | DEBUG: Using locale en_US.UTF-8
2023/07/01 (21:06:21) | INFO: Running on /dev/pts/2
2023/07/01 (21:06:22) | DEBUG: Loading theme file: /usr/share/btop/themes/gruvbox_material_dark.theme

2023/07/04 (17:30:53) | ===> btop++ v.1.2.13
2023/07/04 (17:30:53) | INFO: Logger set to DEBUG
2023/07/04 (17:30:53) | DEBUG: Using locale en_US.UTF-8
2023/07/04 (17:30:53) | INFO: Running on /dev/pts/2
2023/07/04 (17:30:53) | DEBUG: Loading theme file: /usr/share/btop/themes/gruvbox_material_dark.theme

2023/07/04 (18:34:19) | ===> btop++ v.1.2.13
2023/07/04 (18:34:19) | INFO: Logger set to DEBUG
2023/07/04 (18:34:19) | DEBUG: Using locale en_US.UTF-8
2023/07/04 (18:34:19) | INFO: Running on /dev/pts/2
2023/07/04 (18:34:20) | DEBUG: Loading theme file: /usr/share/btop/themes/gruvbox_material_dark.theme
2023/07/04 (18:34:37) | DEBUG: Writing new config file
2023/07/04 (18:34:37) | INFO: Quitting! Runtime: 00:00:18

2023/07/04 (19:03:39) | ===> btop++ v.1.2.13
2023/07/04 (19:03:39) | INFO: Logger set to DEBUG
2023/07/04 (19:03:39) | DEBUG: Using locale en_US.UTF-8
2023/07/04 (19:03:39) | INFO: Running on /dev/pts/0
2023/07/04 (19:03:39) | DEBUG: Loading theme file: /usr/share/btop/themes/gruvbox_material_dark.theme
2023/07/04 (19:10:01) | DEBUG: Writing new config file
2023/07/04 (19:10:01) | INFO: Quitting! Runtime: 00:06:22

2023/07/04 (19:10:30) | ===> btop++ v.1.2.13
2023/07/04 (19:10:30) | INFO: Logger set to DEBUG
2023/07/04 (19:10:30) | DEBUG: Using locale en_US.UTF-8
2023/07/04 (19:10:30) | INFO: Running on /dev/pts/0
2023/07/04 (19:10:30) | DEBUG: Loading theme file: /usr/share/btop/themes/gruvbox_material_dark.theme
2023/07/04 (19:35:55) | DEBUG: Writing new config file
2023/07/04 (19:35:55) | INFO: Quitting! Runtime: 00:25:25

2023/07/06 (10:51:43) | ===> btop++ v.1.2.13
2023/07/06 (10:51:43) | INFO: Logger set to DEBUG
2023/07/06 (10:51:43) | DEBUG: Using locale en_US.UTF-8
2023/07/06 (10:51:43) | INFO: Running on /dev/pts/1
2023/07/06 (10:51:44) | DEBUG: Loading theme file: /usr/share/btop/themes/gruvbox_material_dark.theme

2023/07/14 (12:07:55) | ===> btop++ v.1.2.13
2023/07/14 (12:07:55) | INFO: Logger set to DEBUG
2023/07/14 (12:07:55) | DEBUG: Using locale en_US.UTF-8
2023/07/14 (12:07:55) | INFO: Running on /dev/pts/1
2023/07/14 (12:07:55) | DEBUG: Loading theme file: /usr/share/btop/themes/gruvbox_material_dark.theme
2023/07/14 (13:54:59) | INFO: Quitting! Runtime: 01:47:04

2023/07/15 (17:56:46) | ===> btop++ v.1.2.13
2023/07/15 (17:56:46) | INFO: Logger set to DEBUG
2023/07/15 (17:56:46) | DEBUG: Using locale en_US.UTF-8
2023/07/15 (17:56:46) | INFO: Running on /dev/pts/5
2023/07/15 (17:56:46) | DEBUG: Loading theme file: /usr/share/btop/themes/gruvbox_material_dark.theme

2023/07/15 (18:00:18) | ===> btop++ v.1.2.13
2023/07/15 (18:00:18) | INFO: Logger set to DEBUG
2023/07/15 (18:00:18) | DEBUG: Using locale en_US.UTF-8
2023/07/15 (18:00:18) | INFO: Running on /dev/pts/5
2023/07/15 (18:00:18) | DEBUG: Loading theme file: /usr/share/btop/themes/gruvbox_material_dark.theme

2023/07/16 (14:23:57) | ===> btop++ v.1.2.13
2023/07/16 (14:23:57) | INFO: Logger set to DEBUG
2023/07/16 (14:23:57) | DEBUG: Using locale en_US.UTF-8
2023/07/16 (14:23:57) | INFO: Running on /dev/pts/3
2023/07/16 (14:23:57) | DEBUG: Loading theme file: /usr/share/btop/themes/gruvbox_material_dark.theme

2023/07/16 (18:23:20) | ===> btop++ v.1.2.13
2023/07/16 (18:23:20) | INFO: Logger set to DEBUG
2023/07/16 (18:23:20) | DEBUG: Using locale en_US.UTF-8
2023/07/16 (18:23:20) | INFO: Running on /dev/pts/0
2023/07/16 (18:23:20) | DEBUG: Loading theme file: /usr/share/btop/themes/gruvbox_material_dark.theme
2023/07/16 (18:24:12) | DEBUG: Writing new config file
2023/07/16 (18:24:12) | INFO: Quitting! Runtime: 00:00:52

2023/07/16 (18:25:45) | ===> btop++ v.1.2.13
2023/07/16 (18:25:45) | INFO: Logger set to DEBUG
2023/07/16 (18:25:45) | DEBUG: Using locale en_US.UTF-8
2023/07/16 (18:25:45) | INFO: Running on /dev/pts/0
2023/07/16 (18:25:45) | DEBUG: Loading theme file: /usr/share/btop/themes/gruvbox_material_dark.theme

2023/07/16 (18:28:44) | ===> btop++ v.1.2.13
2023/07/16 (18:28:44) | INFO: Logger set to DEBUG
2023/07/16 (18:28:44) | DEBUG: Using locale en_US.UTF-8
2023/07/16 (18:28:44) | INFO: Running on /dev/pts/0
2023/07/16 (18:28:44) | DEBUG: Loading theme file: /usr/share/btop/themes/gruvbox_material_dark.theme

2023/07/16 (18:57:36) | ===> btop++ v.1.2.13
2023/07/16 (18:57:36) | INFO: Logger set to DEBUG
2023/07/16 (18:57:36) | DEBUG: Using locale en_US.UTF-8
2023/07/16 (18:57:36) | INFO: Running on /dev/pts/1
2023/07/16 (18:57:36) | DEBUG: Loading theme file: /usr/share/btop/themes/gruvbox_material_dark.theme
2023/07/16 (19:20:08) | DEBUG: Writing new config file
2023/07/16 (19:20:08) | INFO: Quitting! Runtime: 00:22:32

2023/07/16 (20:48:11) | ===> btop++ v.1.2.13
2023/07/16 (20:48:11) | INFO: Logger set to DEBUG
2023/07/16 (20:48:11) | DEBUG: Using locale en_US.UTF-8
2023/07/16 (20:48:11) | INFO: Running on /dev/pts/1
2023/07/16 (20:48:11) | DEBUG: Loading theme file: /usr/share/btop/themes/gruvbox_material_dark.theme
2023/07/16 (20:48:58) | DEBUG: Writing new config file
2023/07/16 (20:48:58) | INFO: Quitting! Runtime: 00:00:47

2023/07/17 (16:05:52) | ===> btop++ v.1.2.13
2023/07/17 (16:05:52) | INFO: Logger set to DEBUG
2023/07/17 (16:05:52) | DEBUG: Using locale en_US.UTF-8
2023/07/17 (16:05:52) | INFO: Running on /dev/pts/0
2023/07/17 (16:05:52) | DEBUG: Loading theme file: /usr/share/btop/themes/gruvbox_material_dark.theme

2023/07/18 (10:59:37) | ===> btop++ v.1.2.13
2023/07/18 (10:59:37) | INFO: Logger set to DEBUG
2023/07/18 (10:59:37) | DEBUG: Using locale en_US.UTF-8
2023/07/18 (10:59:37) | INFO: Running on /dev/pts/6
2023/07/18 (10:59:37) | DEBUG: Loading theme file: /usr/share/btop/themes/gruvbox_material_dark.theme

2023/07/20 (10:42:10) | ===> btop++ v.1.2.13
2023/07/20 (10:42:10) | INFO: Logger set to DEBUG
2023/07/20 (10:42:10) | DEBUG: Using locale en_US.UTF-8
2023/07/20 (10:42:10) | INFO: Running on /dev/pts/1
2023/07/20 (10:42:10) | DEBUG: Loading theme file: /usr/share/btop/themes/gruvbox_material_dark.theme
2023/07/20 (10:42:17) | INFO: Quitting! Runtime: 00:00:07

2023/07/27 (15:16:06) | ===> btop++ v.1.2.13
2023/07/27 (15:16:06) | INFO: Logger set to DEBUG
2023/07/27 (15:16:06) | DEBUG: Using locale en_US.UTF-8
2023/07/27 (15:16:06) | INFO: Running on /dev/pts/0
2023/07/27 (15:16:06) | DEBUG: Loading theme file: /usr/share/btop/themes/gruvbox_material_dark.theme
2023/07/27 (15:16:49) | DEBUG: Writing new config file
2023/07/27 (15:16:49) | INFO: Quitting! Runtime: 00:00:43

2023/07/28 (14:24:54) | ===> btop++ v.1.2.13
2023/07/28 (14:24:54) | INFO: Logger set to DEBUG
2023/07/28 (14:24:54) | DEBUG: Using locale en_US.UTF-8
2023/07/28 (14:24:54) | INFO: Running on /dev/pts/0
2023/07/28 (14:24:54) | DEBUG: Loading theme file: /usr/share/btop/themes/gruvbox_material_dark.theme

2023/07/30 (15:54:17) | ===> btop++ v.1.2.13
2023/07/30 (15:54:17) | INFO: Logger set to DEBUG
2023/07/30 (15:54:17) | DEBUG: Using locale en_US.UTF-8
2023/07/30 (15:54:17) | INFO: Running on /dev/pts/4
2023/07/30 (15:54:17) | DEBUG: Loading theme file: /usr/share/btop/themes/gruvbox_material_dark.theme

2023/08/10 (19:11:27) | ===> btop++ v.1.2.13
2023/08/10 (19:11:27) | INFO: Logger set to DEBUG
2023/08/10 (19:11:27) | DEBUG: Using locale en_US.UTF-8
2023/08/10 (19:11:27) | INFO: Running on /dev/pts/4
2023/08/10 (19:11:27) | DEBUG: Loading theme file: /usr/share/btop/themes/gruvbox_material_dark.theme

2023/08/13 (17:01:00) | ===> btop++ v.1.2.13
2023/08/13 (17:01:00) | INFO: Logger set to DEBUG
2023/08/13 (17:01:00) | DEBUG: Using locale en_US.UTF-8
2023/08/13 (17:01:00) | INFO: Running on /dev/pts/5
2023/08/13 (17:01:00) | DEBUG: Loading theme file: /usr/share/btop/themes/gruvbox_material_dark.theme

2023/08/13 (17:54:02) | ===> btop++ v.1.2.13
2023/08/13 (17:54:02) | INFO: Logger set to DEBUG
2023/08/13 (17:54:02) | DEBUG: Using locale en_US.UTF-8
2023/08/13 (17:54:02) | INFO: Running on /dev/pts/5
2023/08/13 (17:54:02) | DEBUG: Loading theme file: /usr/share/btop/themes/gruvbox_material_dark.theme

2023/08/14 (20:45:25) | ===> btop++ v.1.2.13
2023/08/14 (20:45:25) | INFO: Logger set to DEBUG
2023/08/14 (20:45:25) | DEBUG: Using locale en_US.UTF-8
2023/08/14 (20:45:25) | INFO: Running on /dev/pts/4
2023/08/14 (20:45:25) | DEBUG: Loading theme file: /usr/share/btop/themes/gruvbox_material_dark.theme

2023/08/15 (16:41:54) | ===> btop++ v.1.2.13
2023/08/15 (16:41:54) | INFO: Logger set to DEBUG
2023/08/15 (16:41:54) | DEBUG: Using locale en_US.UTF-8
2023/08/15 (16:41:54) | INFO: Running on /dev/pts/2
2023/08/15 (16:41:54) | DEBUG: Loading theme file: /usr/share/btop/themes/gruvbox_material_dark.theme

2023/08/17 (14:20:37) | ===> btop++ v.1.2.13
2023/08/17 (14:20:37) | INFO: Logger set to DEBUG
2023/08/17 (14:20:37) | DEBUG: Using locale en_US.UTF-8
2023/08/17 (14:20:37) | INFO: Running on /dev/pts/4
2023/08/17 (14:20:37) | DEBUG: Loading theme file: /usr/share/btop/themes/gruvbox_material_dark.theme

2023/08/21 (21:55:38) | ===> btop++ v.1.2.13
2023/08/21 (21:55:38) | INFO: Logger set to DEBUG
2023/08/21 (21:55:38) | DEBUG: Using locale en_US.UTF-8
2023/08/21 (21:55:38) | INFO: Running on /dev/pts/6
2023/08/21 (21:55:38) | DEBUG: Loading theme file: /usr/share/btop/themes/gruvbox_material_dark.theme

2023/08/22 (14:42:43) | ===> btop++ v.1.2.13
2023/08/22 (14:42:43) | INFO: Logger set to DEBUG
2023/08/22 (14:42:43) | DEBUG: Using locale en_US.UTF-8
2023/08/22 (14:42:43) | INFO: Running on /dev/pts/8
2023/08/22 (14:42:43) | DEBUG: Loading theme file: /usr/share/btop/themes/gruvbox_material_dark.theme

2023/09/23 (19:05:03) | ===> btop++ v.1.2.13
2023/09/23 (19:05:03) | INFO: Logger set to DEBUG
2023/09/23 (19:05:03) | DEBUG: Using locale en_US.UTF-8
2023/09/23 (19:05:03) | INFO: Running on /dev/pts/5
2023/09/23 (19:05:03) | DEBUG: Loading theme file: /usr/share/btop/themes/gruvbox_material_dark.theme

2023/09/27 (10:54:17) | ===> btop++ v.1.2.13
2023/09/27 (10:54:17) | INFO: Logger set to DEBUG
2023/09/27 (10:54:17) | DEBUG: Using locale en_US.UTF-8
2023/09/27 (10:54:17) | INFO: Running on /dev/pts/0
2023/09/27 (10:54:17) | DEBUG: Loading theme file: /usr/share/btop/themes/gruvbox_material_dark.theme

2023/09/27 (11:02:51) | ===> btop++ v.1.2.13
2023/09/27 (11:02:51) | INFO: Logger set to DEBUG
2023/09/27 (11:02:51) | DEBUG: Using locale en_US.UTF-8
2023/09/27 (11:02:51) | INFO: Running on /dev/pts/0
2023/09/27 (11:02:51) | DEBUG: Loading theme file: /usr/share/btop/themes/gruvbox_material_dark.theme

2023/09/27 (11:03:04) | ===> btop++ v.1.2.13
2023/09/27 (11:03:04) | INFO: Logger set to DEBUG
2023/09/27 (11:03:04) | DEBUG: Using locale en_US.UTF-8
2023/09/27 (11:03:04) | INFO: Running on /dev/pts/0
2023/09/27 (11:03:04) | DEBUG: Loading theme file: /usr/share/btop/themes/gruvbox_material_dark.theme

2023/09/30 (17:28:52) | ===> btop++ v.1.2.13
2023/09/30 (17:28:52) | INFO: Logger set to DEBUG
2023/09/30 (17:28:52) | DEBUG: Using locale en_US.UTF-8
2023/09/30 (17:28:52) | INFO: Running on /dev/pts/0
2023/09/30 (17:28:52) | DEBUG: Loading theme file: /usr/share/btop/themes/gruvbox_material_dark.theme

2023/10/01 (17:02:42) | ===> btop++ v.1.2.13
2023/10/01 (17:02:42) | INFO: Logger set to DEBUG
2023/10/01 (17:02:42) | DEBUG: Using locale en_US.UTF-8
2023/10/01 (17:02:42) | INFO: Running on /dev/pts/2
2023/10/01 (17:02:42) | DEBUG: Loading theme file: /usr/share/btop/themes/gruvbox_material_dark.theme

2023/10/02 (18:19:09) | ===> btop++ v.1.2.13
2023/10/02 (18:19:09) | INFO: Logger set to DEBUG
2023/10/02 (18:19:09) | DEBUG: Using locale en_US.UTF-8
2023/10/02 (18:19:09) | INFO: Running on /dev/pts/7
2023/10/02 (18:19:09) | DEBUG: Loading theme file: /usr/share/btop/themes/gruvbox_material_dark.theme

2023/10/02 (18:49:53) | ===> btop++ v.1.2.13
2023/10/02 (18:49:53) | INFO: Logger set to DEBUG
2023/10/02 (18:49:53) | DEBUG: Using locale en_US.UTF-8
2023/10/02 (18:49:53) | INFO: Running on /dev/pts/4
2023/10/02 (18:49:53) | DEBUG: Loading theme file: /usr/share/btop/themes/gruvbox_material_dark.theme

2023/10/02 (19:11:45) | ===> btop++ v.1.2.13
2023/10/02 (19:11:45) | INFO: Logger set to DEBUG
2023/10/02 (19:11:45) | DEBUG: Using locale en_US.UTF-8
2023/10/02 (19:11:45) | INFO: Running on /dev/pts/3
2023/10/02 (19:11:45) | DEBUG: Loading theme file: /usr/share/btop/themes/gruvbox_material_dark.theme

2023/10/02 (21:27:55) | ===> btop++ v.1.2.13
2023/10/02 (21:27:55) | INFO: Logger set to DEBUG
2023/10/02 (21:27:55) | DEBUG: Using locale en_US.UTF-8
2023/10/02 (21:27:55) | INFO: Running on /dev/pts/4
2023/10/02 (21:27:55) | DEBUG: Loading theme file: /usr/share/btop/themes/gruvbox_material_dark.theme

2023/10/02 (21:46:02) | ===> btop++ v.1.2.13
2023/10/02 (21:46:02) | INFO: Logger set to DEBUG
2023/10/02 (21:46:02) | DEBUG: Using locale en_US.UTF-8
2023/10/02 (21:46:02) | INFO: Running on /dev/pts/2
2023/10/02 (21:46:02) | DEBUG: Loading theme file: /usr/share/btop/themes/gruvbox_material_dark.theme
2023/10/02 (21:46:18) | DEBUG: Writing new config file
2023/10/02 (21:46:18) | INFO: Quitting! Runtime: 00:00:16

2023/10/02 (21:46:20) | ===> btop++ v.1.2.13
2023/10/02 (21:46:20) | INFO: Logger set to DEBUG
2023/10/02 (21:46:20) | DEBUG: Using locale en_US.UTF-8
2023/10/02 (21:46:20) | INFO: Running on /dev/pts/2
2023/10/02 (21:46:21) | DEBUG: Loading theme file: /usr/share/btop/themes/gruvbox_material_dark.theme
2023/10/02 (21:46:27) | DEBUG: Writing new config file
2023/10/02 (21:46:27) | INFO: Quitting! Runtime: 00:00:07

2023/10/02 (21:46:32) | ===> btop++ v.1.2.13
2023/10/02 (21:46:32) | INFO: Logger set to DEBUG
2023/10/02 (21:46:32) | DEBUG: Using locale en_US.UTF-8
2023/10/02 (21:46:32) | INFO: Running on /dev/pts/2
2023/10/02 (21:46:32) | DEBUG: Loading theme file: /usr/share/btop/themes/gruvbox_material_dark.theme
2023/10/02 (21:46:37) | DEBUG: Loading theme file: /usr/share/btop/themes/nord.theme
2023/10/02 (21:46:38) | DEBUG: Loading theme file: /usr/share/btop/themes/adapta.theme
2023/10/02 (21:46:38) | DEBUG: Loading theme file: /usr/share/btop/themes/nord.theme
2023/10/02 (21:46:39) | DEBUG: Loading theme file: /usr/share/btop/themes/gruvbox_material_dark.theme
2023/10/02 (21:46:39) | DEBUG: Loading theme file: /usr/share/btop/themes/tokyo-night.theme
2023/10/02 (21:46:40) | DEBUG: Loading theme file: /usr/share/btop/themes/solarized_dark.theme
2023/10/02 (21:46:41) | DEBUG: Loading theme file: /usr/share/btop/themes/dusklight.theme
2023/10/02 (21:46:41) | DEBUG: Loading theme file: /usr/share/btop/themes/night-owl.theme
2023/10/02 (21:46:44) | DEBUG: Loading theme file: /usr/share/btop/themes/paper.theme
2023/10/02 (21:46:45) | DEBUG: Loading theme file: /usr/share/btop/themes/ayu.theme
2023/10/02 (21:46:46) | DEBUG: Loading theme file: /usr/share/btop/themes/matcha-dark-sea.theme

2023/10/03 (01:08:29) | ===> btop++ v.1.2.13
2023/10/03 (01:08:29) | INFO: Logger set to DEBUG
2023/10/03 (01:08:29) | DEBUG: Using locale en_US.UTF-8
2023/10/03 (01:08:29) | ERROR: No tty detected!
btop++ needs an interactive shell to run.
2023/10/03 (01:08:29) | INFO: Quitting! Runtime: 00:00:00

2023/10/03 (01:08:32) | ===> btop++ v.1.2.13
2023/10/03 (01:08:32) | INFO: Logger set to DEBUG
2023/10/03 (01:08:32) | DEBUG: Using locale en_US.UTF-8
2023/10/03 (01:08:32) | ERROR: No tty detected!
btop++ needs an interactive shell to run.
2023/10/03 (01:08:32) | INFO: Quitting! Runtime: 00:00:00

2023/10/03 (01:08:33) | ===> btop++ v.1.2.13
2023/10/03 (01:08:33) | INFO: Logger set to DEBUG
2023/10/03 (01:08:33) | DEBUG: Using locale en_US.UTF-8
2023/10/03 (01:08:33) | ERROR: No tty detected!
btop++ needs an interactive shell to run.
2023/10/03 (01:08:33) | INFO: Quitting! Runtime: 00:00:00

2023/10/03 (01:08:34) | ===> btop++ v.1.2.13
2023/10/03 (01:08:34) | INFO: Logger set to DEBUG
2023/10/03 (01:08:34) | DEBUG: Using locale en_US.UTF-8
2023/10/03 (01:08:34) | ERROR: No tty detected!
btop++ needs an interactive shell to run.
2023/10/03 (01:08:34) | INFO: Quitting! Runtime: 00:00:00

2023/10/03 (14:58:50) | ===> btop++ v.1.2.13
2023/10/03 (14:58:50) | INFO: Logger set to DEBUG
2023/10/03 (14:58:50) | DEBUG: Using locale en_US.UTF-8
2023/10/03 (14:58:50) | INFO: Running on /dev/pts/4
2023/10/03 (14:58:50) | DEBUG: Loading theme file: /usr/share/btop/themes/gruvbox_material_dark.theme

2023/10/04 (11:11:33) | ===> btop++ v.1.2.13
2023/10/04 (11:11:33) | INFO: Logger set to DEBUG
2023/10/04 (11:11:33) | DEBUG: Using locale en_US.UTF-8
2023/10/04 (11:11:33) | INFO: Running on /dev/pts/5
2023/10/04 (11:11:33) | DEBUG: Loading theme file: /usr/share/btop/themes/gruvbox_material_dark.theme

2023/10/04 (12:16:21) | ===> btop++ v.1.2.13
2023/10/04 (12:16:21) | INFO: Logger set to DEBUG
2023/10/04 (12:16:21) | DEBUG: Using locale en_US.UTF-8
2023/10/04 (12:16:21) | INFO: Running on /dev/pts/6
2023/10/04 (12:16:21) | DEBUG: Loading theme file: /usr/share/btop/themes/gruvbox_material_dark.theme
2023/10/04 (12:16:47) | DEBUG: Writing new config file
2023/10/04 (12:16:47) | INFO: Quitting! Runtime: 00:00:26

2023/10/04 (12:16:49) | ===> btop++ v.1.2.13
2023/10/04 (12:16:49) | INFO: Logger set to DEBUG
2023/10/04 (12:16:49) | DEBUG: Using locale en_US.UTF-8
2023/10/04 (12:16:49) | INFO: Running on /dev/pts/6
2023/10/04 (12:16:49) | DEBUG: Loading theme file: /usr/share/btop/themes/gruvbox_material_dark.theme
2023/10/04 (12:17:04) | DEBUG: Loading theme file: /usr/share/btop/themes/gruvbox_material_dark.theme
2023/10/04 (12:17:04) | DEBUG: Loading theme file: /usr/share/btop/themes/gruvbox_material_dark.theme

2023/10/04 (13:07:23) | ===> btop++ v.1.2.13
2023/10/04 (13:07:23) | INFO: Logger set to DEBUG
2023/10/04 (13:07:23) | DEBUG: Using locale en_US.UTF-8
2023/10/04 (13:07:23) | INFO: Running on /dev/pts/4
2023/10/04 (13:07:23) | DEBUG: Loading theme file: /usr/share/btop/themes/gruvbox_material_dark.theme
2023/10/04 (13:07:49) | DEBUG: Writing new config file
2023/10/04 (13:07:49) | INFO: Quitting! Runtime: 00:00:26

2023/10/04 (13:11:21) | ===> btop++ v.1.2.13
2023/10/04 (13:11:21) | INFO: Logger set to DEBUG
2023/10/04 (13:11:21) | DEBUG: Using locale en_US.UTF-8
2023/10/04 (13:11:21) | INFO: Running on /dev/pts/0
2023/10/04 (13:11:21) | DEBUG: Loading theme file: /usr/share/btop/themes/gruvbox_material_dark.theme
2023/10/04 (13:12:12) | DEBUG: Writing new config file
2023/10/04 (13:12:12) | INFO: Quitting! Runtime: 00:00:51

2023/10/04 (14:00:35) | ===> btop++ v.1.2.13
2023/10/04 (14:00:35) | INFO: Logger set to DEBUG
2023/10/04 (14:00:35) | DEBUG: Using locale en_US.UTF-8
2023/10/04 (14:00:35) | INFO: Running on /dev/pts/1
2023/10/04 (14:00:35) | DEBUG: Loading theme file: /usr/share/btop/themes/gruvbox_material_dark.theme

2023/10/04 (14:14:41) | ===> btop++ v.1.2.13
2023/10/04 (14:14:41) | INFO: Logger set to DEBUG
2023/10/04 (14:14:41) | DEBUG: Using locale en_US.UTF-8
2023/10/04 (14:14:41) | INFO: Running on /dev/pts/1
2023/10/04 (14:14:41) | DEBUG: Loading theme file: /usr/share/btop/themes/gruvbox_material_dark.theme
2023/10/04 (14:14:46) | DEBUG: Loading theme file: /usr/share/btop/themes/nord.theme
2023/10/04 (14:14:47) | DEBUG: Loading theme file: /usr/share/btop/themes/gruvbox_material_dark.theme
2023/10/04 (14:14:47) | DEBUG: Loading theme file: /usr/share/btop/themes/nord.theme
2023/10/04 (14:14:49) | DEBUG: Loading theme file: /usr/share/btop/themes/adapta.theme
2023/10/04 (14:14:50) | DEBUG: Loading theme file: /usr/share/btop/themes/gruvbox_dark.theme
2023/10/04 (14:14:50) | DEBUG: Loading theme file: /usr/share/btop/themes/everforest-dark-hard.theme
2023/10/04 (14:14:50) | DEBUG: Loading theme file: /usr/share/btop/themes/flat-remix.theme
2023/10/04 (14:14:51) | DEBUG: Loading theme file: /usr/share/btop/themes/solarized_light.theme
2023/10/04 (14:14:51) | DEBUG: Loading theme file: /usr/share/btop/themes/monokai.theme
2023/10/04 (14:14:52) | DEBUG: Loading theme file: /usr/share/btop/themes/dracula.theme
2023/10/04 (14:14:52) | DEBUG: Loading theme file: /usr/share/btop/themes/kyli0x.theme
2023/10/04 (14:14:53) | DEBUG: Loading theme file: /usr/share/btop/themes/onedark.theme
2023/10/04 (14:14:54) | DEBUG: Loading theme file: /usr/share/btop/themes/HotPurpleTrafficLight.theme
2023/10/04 (14:14:54) | DEBUG: Loading theme file: /usr/share/btop/themes/greyscale.theme
2023/10/04 (14:14:55) | DEBUG: Loading theme file: /usr/share/btop/themes/flat-remix-light.theme
2023/10/04 (14:14:55) | DEBUG: Loading theme file: /usr/share/btop/themes/tomorrow-night.theme

2023/10/04 (14:18:54) | ===> btop++ v.1.2.13
2023/10/04 (14:18:54) | INFO: Logger set to DEBUG
2023/10/04 (14:18:54) | DEBUG: Using locale en_US.UTF-8
2023/10/04 (14:18:54) | INFO: Running on /dev/pts/2
2023/10/04 (14:18:54) | DEBUG: Loading theme file: /usr/share/btop/themes/gruvbox_material_dark.theme

2023/10/04 (14:28:48) | ===> btop++ v.1.2.13
2023/10/04 (14:28:48) | INFO: Logger set to DEBUG
2023/10/04 (14:28:48) | DEBUG: Using locale en_US.UTF-8
2023/10/04 (14:28:48) | INFO: Running on /dev/pts/3
2023/10/04 (14:28:48) | DEBUG: Loading theme file: /usr/share/btop/themes/gruvbox_material_dark.theme

2023/10/04 (14:34:15) | ===> btop++ v.1.2.13
2023/10/04 (14:34:15) | INFO: Logger set to DEBUG
2023/10/04 (14:34:15) | DEBUG: Using locale en_US.UTF-8
2023/10/04 (14:34:15) | INFO: Running on /dev/pts/2
2023/10/04 (14:34:15) | DEBUG: Loading theme file: /usr/share/btop/themes/gruvbox_material_dark.theme

2023/10/04 (15:24:24) | ===> btop++ v.1.2.13
2023/10/04 (15:24:24) | INFO: Logger set to DEBUG
2023/10/04 (15:24:24) | DEBUG: Using locale en_US.UTF-8
2023/10/04 (15:24:24) | INFO: Running on /dev/pts/2
2023/10/04 (15:24:24) | DEBUG: Loading theme file: /usr/share/btop/themes/gruvbox_material_dark.theme

2023/10/06 (15:30:04) | ===> btop++ v.1.2.13
2023/10/06 (15:30:04) | INFO: Logger set to DEBUG
2023/10/06 (15:30:04) | DEBUG: Using locale en_US.UTF-8
2023/10/06 (15:30:04) | INFO: Running on /dev/pts/0
2023/10/06 (15:30:04) | DEBUG: Loading theme file: /usr/share/btop/themes/gruvbox_material_dark.theme

2023/10/09 (17:03:15) | ===> btop++ v.1.2.13
2023/10/09 (17:03:15) | INFO: Logger set to DEBUG
2023/10/09 (17:03:15) | DEBUG: Using locale en_US.UTF-8
2023/10/09 (17:03:15) | INFO: Running on /dev/pts/1
2023/10/09 (17:03:15) | DEBUG: Loading theme file: /usr/share/btop/themes/gruvbox_material_dark.theme
2023/10/09 (17:03:24) | INFO: Quitting! Runtime: 00:00:09

2023/10/09 (17:03:40) | ===> btop++ v.1.2.13
2023/10/09 (17:03:40) | INFO: Logger set to DEBUG
2023/10/09 (17:03:40) | DEBUG: Using locale en_US.UTF-8
2023/10/09 (17:03:40) | INFO: Running on /dev/pts/2
2023/10/09 (17:03:40) | DEBUG: Loading theme file: /usr/share/btop/themes/gruvbox_material_dark.theme
2023/10/09 (17:03:43) | INFO: Quitting! Runtime: 00:00:03

2023/10/09 (17:13:46) | ===> btop++ v.1.2.13
2023/10/09 (17:13:46) | INFO: Logger set to DEBUG
2023/10/09 (17:13:46) | DEBUG: Using locale en_US.UTF-8
2023/10/09 (17:13:46) | INFO: Running on /dev/pts/3
2023/10/09 (17:13:46) | DEBUG: Loading theme file: /usr/share/btop/themes/gruvbox_material_dark.theme

2023/10/09 (17:18:58) | ===> btop++ v.1.2.13
2023/10/09 (17:18:58) | INFO: Logger set to DEBUG
2023/10/09 (17:18:58) | DEBUG: Using locale en_US.UTF-8
2023/10/09 (17:18:58) | INFO: Running on /dev/pts/3
2023/10/09 (17:18:58) | DEBUG: Loading theme file: /usr/share/btop/themes/gruvbox_material_dark.theme

2023/10/10 (14:54:59) | ===> btop++ v.1.2.13
2023/10/10 (14:54:59) | INFO: Logger set to DEBUG
2023/10/10 (14:54:59) | DEBUG: Using locale en_US.UTF-8
2023/10/10 (14:54:59) | INFO: Running on /dev/pts/5
2023/10/10 (14:54:59) | DEBUG: Loading theme file: /usr/share/btop/themes/gruvbox_material_dark.theme

2023/10/10 (18:13:29) | ===> btop++ v.1.2.13
2023/10/10 (18:13:29) | INFO: Logger set to DEBUG
2023/10/10 (18:13:29) | DEBUG: Using locale en_US.UTF-8
2023/10/10 (18:13:29) | INFO: Running on /dev/pts/7
2023/10/10 (18:13:29) | DEBUG: Loading theme file: /usr/share/btop/themes/gruvbox_material_dark.theme

2023/10/11 (12:15:32) | ===> btop++ v.1.2.13
2023/10/11 (12:15:32) | INFO: Logger set to DEBUG
2023/10/11 (12:15:32) | DEBUG: Using locale en_US.UTF-8
2023/10/11 (12:15:32) | INFO: Running on /dev/pts/7
2023/10/11 (12:15:32) | DEBUG: Loading theme file: /usr/share/btop/themes/gruvbox_material_dark.theme
2023/10/11 (12:15:58) | INFO: Quitting! Runtime: 00:00:26

2023/10/11 (12:23:13) | ===> btop++ v.1.2.13
2023/10/11 (12:23:13) | INFO: Logger set to DEBUG
2023/10/11 (12:23:13) | DEBUG: Using locale en_US.UTF-8
2023/10/11 (12:23:13) | INFO: Running on /dev/pts/6
2023/10/11 (12:23:13) | DEBUG: Loading theme file: /usr/share/btop/themes/gruvbox_material_dark.theme
2023/10/11 (12:47:57) | DEBUG: Loading theme file: /usr/share/btop/themes/gruvbox_material_dark.theme
2023/10/11 (12:49:12) | INFO: Logger set to INFO
2023/10/11 (12:49:13) | INFO: Logger set to DEBUG

2023/10/12 (12:54:19) | ===> btop++ v.1.2.13
2023/10/12 (12:54:19) | INFO: Logger set to DEBUG
2023/10/12 (12:54:19) | DEBUG: Using locale en_US.UTF-8
2023/10/12 (12:54:19) | INFO: Running on /dev/pts/2
2023/10/12 (12:54:19) | DEBUG: Loading theme file: /usr/share/btop/themes/gruvbox_material_dark.theme

2023/10/14 (19:38:00) | ===> btop++ v.1.2.13
2023/10/14 (19:38:00) | INFO: Logger set to DEBUG
2023/10/14 (19:38:00) | DEBUG: Using locale en_US.UTF-8
2023/10/14 (19:38:00) | INFO: Running on /dev/pts/9
2023/10/14 (19:38:00) | DEBUG: Loading theme file: /usr/share/btop/themes/gruvbox_material_dark.theme

2023/10/14 (20:30:10) | ===> btop++ v.1.2.13
2023/10/14 (20:30:10) | INFO: Logger set to DEBUG
2023/10/14 (20:30:10) | DEBUG: Using locale en_US.UTF-8
2023/10/14 (20:30:10) | INFO: Running on /dev/pts/9
2023/10/14 (20:30:10) | DEBUG: Loading theme file: /usr/share/btop/themes/gruvbox_material_dark.theme

2023/10/15 (17:10:15) | ===> btop++ v.1.2.13
2023/10/15 (17:10:15) | INFO: Logger set to DEBUG
2023/10/15 (17:10:15) | DEBUG: Using locale en_US.UTF-8
2023/10/15 (17:10:15) | INFO: Running on /dev/pts/6
2023/10/15 (17:10:15) | DEBUG: Loading theme file: /usr/share/btop/themes/gruvbox_material_dark.theme

2023/10/15 (21:10:41) | ===> btop++ v.1.2.13
2023/10/15 (21:10:41) | INFO: Logger set to DEBUG
2023/10/15 (21:10:41) | DEBUG: Using locale en_US.UTF-8
2023/10/15 (21:10:41) | INFO: Running on /dev/pts/8
2023/10/15 (21:10:41) | DEBUG: Loading theme file: /usr/share/btop/themes/gruvbox_material_dark.theme

2023/10/15 (21:12:02) | ===> btop++ v.1.2.13
2023/10/15 (21:12:02) | INFO: Logger set to DEBUG
2023/10/15 (21:12:02) | DEBUG: Using locale en_US.UTF-8
2023/10/15 (21:12:02) | INFO: Running on /dev/pts/8
2023/10/15 (21:12:02) | DEBUG: Loading theme file: /usr/share/btop/themes/gruvbox_material_dark.theme

2023/10/16 (15:17:07) | ===> btop++ v.1.2.13
2023/10/16 (15:17:07) | INFO: Logger set to DEBUG
2023/10/16 (15:17:07) | DEBUG: Using locale en_US.UTF-8
2023/10/16 (15:17:07) | INFO: Running on /dev/pts/4
2023/10/16 (15:17:07) | DEBUG: Loading theme file: /usr/share/btop/themes/gruvbox_material_dark.theme

2023/10/16 (15:27:55) | ===> btop++ v.1.2.13
2023/10/16 (15:27:55) | INFO: Logger set to DEBUG
2023/10/16 (15:27:55) | DEBUG: Using locale en_US.UTF-8
2023/10/16 (15:27:55) | INFO: Running on /dev/pts/4
2023/10/16 (15:27:55) | DEBUG: Loading theme file: /usr/share/btop/themes/gruvbox_material_dark.theme
2023/10/16 (15:28:01) | INFO: Quitting! Runtime: 00:00:06

2023/10/16 (18:27:49) | ===> btop++ v.1.2.13
2023/10/16 (18:27:49) | INFO: Logger set to DEBUG
2023/10/16 (18:27:49) | DEBUG: Using locale en_US.UTF-8
2023/10/16 (18:27:49) | INFO: Running on /dev/pts/4
2023/10/16 (18:27:49) | DEBUG: Loading theme file: /usr/share/btop/themes/gruvbox_material_dark.theme

2023/10/18 (00:13:24) | ===> btop++ v.1.2.13
2023/10/18 (00:13:24) | INFO: Logger set to DEBUG
2023/10/18 (00:13:24) | DEBUG: Using locale en_US.UTF-8
2023/10/18 (00:13:24) | INFO: Running on /dev/pts/4
2023/10/18 (00:13:24) | DEBUG: Loading theme file: /usr/share/btop/themes/gruvbox_material_dark.theme

2023/10/18 (00:13:27) | ===> btop++ v.1.2.13
2023/10/18 (00:13:27) | INFO: Logger set to DEBUG
2023/10/18 (00:13:27) | DEBUG: Using locale en_US.UTF-8
2023/10/18 (00:13:27) | INFO: Running on /dev/pts/4
2023/10/18 (00:13:27) | DEBUG: Loading theme file: /usr/share/btop/themes/gruvbox_material_dark.theme

2023/10/19 (18:09:53) | ===> btop++ v.1.2.13
2023/10/19 (18:09:53) | INFO: Logger set to DEBUG
2023/10/19 (18:09:53) | DEBUG: Using locale en_US.UTF-8
2023/10/19 (18:09:53) | INFO: Running on /dev/pts/8
2023/10/19 (18:09:53) | DEBUG: Loading theme file: /usr/share/btop/themes/gruvbox_material_dark.theme

2023/10/21 (16:59:08) | ===> btop++ v.1.2.13
2023/10/21 (16:59:08) | INFO: Logger set to DEBUG
2023/10/21 (16:59:08) | DEBUG: Using locale en_US.UTF-8
2023/10/21 (16:59:08) | INFO: Running on /dev/pts/1
2023/10/21 (16:59:08) | DEBUG: Loading theme file: /usr/share/btop/themes/gruvbox_material_dark.theme

2023/10/26 (18:24:37) | ===> btop++ v.1.2.13
2023/10/26 (18:24:37) | INFO: Logger set to DEBUG
2023/10/26 (18:24:37) | DEBUG: Using locale en_US.UTF-8
2023/10/26 (18:24:37) | INFO: Running on /dev/pts/0
2023/10/26 (18:24:37) | DEBUG: Loading theme file: /usr/share/btop/themes/gruvbox_material_dark.theme

2023/10/26 (18:53:09) | ===> btop++ v.1.2.13
2023/10/26 (18:53:09) | INFO: Logger set to DEBUG
2023/10/26 (18:53:09) | DEBUG: Using locale en_US.UTF-8
2023/10/26 (18:53:09) | INFO: Running on /dev/pts/1
2023/10/26 (18:53:09) | DEBUG: Loading theme file: /usr/share/btop/themes/gruvbox_material_dark.theme
2023/10/26 (18:53:25) | INFO: Quitting! Runtime: 00:00:16

2023/10/26 (18:55:33) | ===> btop++ v.1.2.13
2023/10/26 (18:55:33) | INFO: Logger set to DEBUG
2023/10/26 (18:55:33) | DEBUG: Using locale en_US.UTF-8
2023/10/26 (18:55:33) | INFO: Running on /dev/pts/3
2023/10/26 (18:55:33) | DEBUG: Loading theme file: /usr/share/btop/themes/gruvbox_material_dark.theme

2023/10/27 (14:45:38) | ===> btop++ v.1.2.13
2023/10/27 (14:45:38) | INFO: Logger set to DEBUG
2023/10/27 (14:45:38) | DEBUG: Using locale en_US.UTF-8
2023/10/27 (14:45:38) | INFO: Running on /dev/pts/2
2023/10/27 (14:45:38) | DEBUG: Loading theme file: /usr/share/btop/themes/gruvbox_material_dark.theme

2023/10/27 (14:46:22) | ===> btop++ v.1.2.13
2023/10/27 (14:46:22) | INFO: Logger set to DEBUG
2023/10/27 (14:46:22) | DEBUG: Using locale en_US.UTF-8
2023/10/27 (14:46:22) | INFO: Running on /dev/pts/2
2023/10/27 (14:46:22) | DEBUG: Loading theme file: /usr/share/btop/themes/gruvbox_material_dark.theme

2023/10/27 (14:46:54) | ===> btop++ v.1.2.13
2023/10/27 (14:46:54) | INFO: Logger set to DEBUG
2023/10/27 (14:46:54) | DEBUG: Using locale en_US.UTF-8
2023/10/27 (14:46:54) | INFO: Running on /dev/pts/2
2023/10/27 (14:46:54) | DEBUG: Loading theme file: /usr/share/btop/themes/gruvbox_material_dark.theme

2023/10/30 (03:29:32) | ===> btop++ v.1.2.13
2023/10/30 (03:29:32) | INFO: Logger set to DEBUG
2023/10/30 (03:29:32) | DEBUG: Using locale en_US.UTF-8
2023/10/30 (03:29:32) | INFO: Running on /dev/pts/7
2023/10/30 (03:29:33) | DEBUG: Loading theme file: /usr/share/btop/themes/gruvbox_material_dark.theme

2023/10/30 (04:01:19) | ===> btop++ v.1.2.13
2023/10/30 (04:01:19) | INFO: Logger set to DEBUG
2023/10/30 (04:01:19) | DEBUG: Using locale en_US.UTF-8
2023/10/30 (04:01:19) | INFO: Running on /dev/pts/8
2023/10/30 (04:01:19) | DEBUG: Loading theme file: /usr/share/btop/themes/gruvbox_material_dark.theme

2023/10/30 (05:42:15) | ===> btop++ v.1.2.13
2023/10/30 (05:42:15) | INFO: Logger set to DEBUG
2023/10/30 (05:42:15) | DEBUG: Using locale en_US.UTF-8
2023/10/30 (05:42:15) | INFO: Running on /dev/pts/7
2023/10/30 (05:42:15) | DEBUG: Loading theme file: /usr/share/btop/themes/gruvbox_material_dark.theme

2023/10/30 (05:48:00) | ===> btop++ v.1.2.13
2023/10/30 (05:48:00) | INFO: Logger set to DEBUG
2023/10/30 (05:48:00) | DEBUG: Using locale en_US.UTF-8
2023/10/30 (05:48:00) | INFO: Running on /dev/pts/0
2023/10/30 (05:48:00) | DEBUG: Loading theme file: /usr/share/btop/themes/gruvbox_material_dark.theme

2023/10/30 (05:55:56) | ===> btop++ v.1.2.13
2023/10/30 (05:55:56) | INFO: Logger set to DEBUG
2023/10/30 (05:55:56) | DEBUG: Using locale en_US.UTF-8
2023/10/30 (05:55:56) | INFO: Running on /dev/pts/0
2023/10/30 (05:55:56) | DEBUG: Loading theme file: /usr/share/btop/themes/gruvbox_material_dark.theme

2023/10/30 (19:43:20) | ===> btop++ v.1.2.13
2023/10/30 (19:43:20) | INFO: Logger set to DEBUG
2023/10/30 (19:43:20) | DEBUG: Using locale en_US.UTF-8
2023/10/30 (19:43:20) | INFO: Running on /dev/pts/1
2023/10/30 (19:43:20) | DEBUG: Loading theme file: /usr/share/btop/themes/gruvbox_material_dark.theme

2023/10/31 (16:25:20) | ===> btop++ v.1.2.13
2023/10/31 (16:25:20) | INFO: Logger set to DEBUG
2023/10/31 (16:25:20) | DEBUG: Using locale en_US.UTF-8
2023/10/31 (16:25:20) | INFO: Running on /dev/pts/3
2023/10/31 (16:25:20) | DEBUG: Loading theme file: /usr/share/btop/themes/gruvbox_material_dark.theme

2023/10/31 (16:25:49) | ===> btop++ v.1.2.13
2023/10/31 (16:25:49) | INFO: Logger set to DEBUG
2023/10/31 (16:25:49) | DEBUG: Using locale en_US.UTF-8
2023/10/31 (16:25:49) | INFO: Running on /dev/pts/3
2023/10/31 (16:25:49) | DEBUG: Loading theme file: /usr/share/btop/themes/gruvbox_material_dark.theme

2023/10/31 (17:03:42) | ===> btop++ v.1.2.13
2023/10/31 (17:03:42) | INFO: Logger set to DEBUG
2023/10/31 (17:03:42) | DEBUG: Using locale en_US.UTF-8
2023/10/31 (17:03:42) | INFO: Running on /dev/pts/4
2023/10/31 (17:03:43) | DEBUG: Loading theme file: /usr/share/btop/themes/gruvbox_material_dark.theme

2023/10/31 (17:10:25) | ===> btop++ v.1.2.13
2023/10/31 (17:10:25) | INFO: Logger set to DEBUG
2023/10/31 (17:10:25) | DEBUG: Using locale en_US.UTF-8
2023/10/31 (17:10:25) | INFO: Running on /dev/pts/7
2023/10/31 (17:10:25) | DEBUG: Loading theme file: /usr/share/btop/themes/gruvbox_material_dark.theme

2023/10/31 (17:25:28) | ===> btop++ v.1.2.13
2023/10/31 (17:25:28) | INFO: Logger set to DEBUG
2023/10/31 (17:25:28) | DEBUG: Using locale en_US.UTF-8
2023/10/31 (17:25:28) | INFO: Running on /dev/pts/4
2023/10/31 (17:25:28) | DEBUG: Loading theme file: /usr/share/btop/themes/gruvbox_material_dark.theme

2023/11/01 (14:02:24) | ===> btop++ v.1.2.13
2023/11/01 (14:02:24) | INFO: Logger set to DEBUG
2023/11/01 (14:02:24) | DEBUG: Using locale en_US.UTF-8
2023/11/01 (14:02:24) | INFO: Running on /dev/pts/5
2023/11/01 (14:02:24) | DEBUG: Loading theme file: /usr/share/btop/themes/gruvbox_material_dark.theme

2023/11/01 (14:47:19) | ===> btop++ v.1.2.13
2023/11/01 (14:47:19) | INFO: Logger set to DEBUG
2023/11/01 (14:47:19) | DEBUG: Using locale en_US.UTF-8
2023/11/01 (14:47:19) | INFO: Running on /dev/pts/5
2023/11/01 (14:47:19) | DEBUG: Loading theme file: /usr/share/btop/themes/gruvbox_material_dark.theme

2023/11/02 (12:28:58) | ===> btop++ v.1.2.13
2023/11/02 (12:28:58) | INFO: Logger set to DEBUG
2023/11/02 (12:28:58) | DEBUG: Using locale en_US.UTF-8
2023/11/02 (12:28:58) | INFO: Running on /dev/pts/0
2023/11/02 (12:28:59) | DEBUG: Loading theme file: /usr/share/btop/themes/gruvbox_material_dark.theme

2023/11/02 (12:29:17) | ===> btop++ v.1.2.13
2023/11/02 (12:29:17) | INFO: Logger set to DEBUG
2023/11/02 (12:29:17) | DEBUG: Using locale en_US.UTF-8
2023/11/02 (12:29:17) | INFO: Running on /dev/pts/0
2023/11/02 (12:29:18) | DEBUG: Loading theme file: /usr/share/btop/themes/gruvbox_material_dark.theme

2023/11/02 (13:03:36) | ===> btop++ v.1.2.13
2023/11/02 (13:03:36) | INFO: Logger set to DEBUG
2023/11/02 (13:03:36) | DEBUG: Using locale en_US.UTF-8
2023/11/02 (13:03:36) | INFO: Running on /dev/pts/6
2023/11/02 (13:03:36) | DEBUG: Loading theme file: /usr/share/btop/themes/gruvbox_material_dark.theme

2023/11/02 (13:04:14) | ===> btop++ v.1.2.13
2023/11/02 (13:04:14) | INFO: Logger set to DEBUG
2023/11/02 (13:04:14) | DEBUG: Using locale en_US.UTF-8
2023/11/02 (13:04:14) | INFO: Running on /dev/pts/6
2023/11/02 (13:04:14) | DEBUG: Loading theme file: /usr/share/btop/themes/gruvbox_material_dark.theme

2023/11/02 (13:51:20) | ===> btop++ v.1.2.13
2023/11/02 (13:51:20) | INFO: Logger set to DEBUG
2023/11/02 (13:51:20) | DEBUG: Using locale en_US.UTF-8
2023/11/02 (13:51:20) | INFO: Running on /dev/pts/4
2023/11/02 (13:51:20) | DEBUG: Loading theme file: /usr/share/btop/themes/gruvbox_material_dark.theme

2023/11/03 (21:42:26) | ===> btop++ v.1.2.13
2023/11/03 (21:42:26) | INFO: Logger set to DEBUG
2023/11/03 (21:42:26) | DEBUG: Using locale en_US.UTF-8
2023/11/03 (21:42:26) | INFO: Running on /dev/pts/4
2023/11/03 (21:42:26) | DEBUG: Loading theme file: /usr/share/btop/themes/gruvbox_material_dark.theme

2023/11/06 (19:36:09) | ===> btop++ v.1.2.13
2023/11/06 (19:36:09) | INFO: Logger set to DEBUG
2023/11/06 (19:36:09) | DEBUG: Using locale en_US.UTF-8
2023/11/06 (19:36:09) | INFO: Running on /dev/pts/4
2023/11/06 (19:36:09) | DEBUG: Loading theme file: /usr/share/btop/themes/gruvbox_material_dark.theme

2023/11/06 (20:13:02) | ===> btop++ v.1.2.13
2023/11/06 (20:13:02) | INFO: Logger set to DEBUG
2023/11/06 (20:13:02) | DEBUG: Using locale en_US.UTF-8
2023/11/06 (20:13:02) | INFO: Running on /dev/pts/3
2023/11/06 (20:13:02) | DEBUG: Loading theme file: /usr/share/btop/themes/gruvbox_material_dark.theme

2023/11/08 (01:46:17) | ===> btop++ v.1.2.13
2023/11/08 (01:46:17) | INFO: Logger set to DEBUG
2023/11/08 (01:46:17) | DEBUG: Using locale en_US.UTF-8
2023/11/08 (01:46:17) | INFO: Running on /dev/pts/2
2023/11/08 (01:46:18) | DEBUG: Loading theme file: /usr/share/btop/themes/gruvbox_material_dark.theme

2023/11/09 (17:44:09) | ===> btop++ v.1.2.13
2023/11/09 (17:44:09) | INFO: Logger set to DEBUG
2023/11/09 (17:44:09) | DEBUG: Using locale en_US.UTF-8
2023/11/09 (17:44:09) | INFO: Running on /dev/pts/1
2023/11/09 (17:44:09) | DEBUG: Loading theme file: /usr/share/btop/themes/gruvbox_material_dark.theme

2023/11/09 (17:50:47) | ===> btop++ v.1.2.13
2023/11/09 (17:50:47) | INFO: Logger set to DEBUG
2023/11/09 (17:50:47) | DEBUG: Using locale en_US.UTF-8
2023/11/09 (17:50:47) | INFO: Running on /dev/pts/1
2023/11/09 (17:50:47) | DEBUG: Loading theme file: /usr/share/btop/themes/gruvbox_material_dark.theme

2023/11/09 (18:26:30) | ===> btop++ v.1.2.13
2023/11/09 (18:26:30) | INFO: Logger set to DEBUG
2023/11/09 (18:26:30) | DEBUG: Using locale en_US.UTF-8
2023/11/09 (18:26:30) | INFO: Running on /dev/pts/1
2023/11/09 (18:26:30) | DEBUG: Loading theme file: /usr/share/btop/themes/gruvbox_material_dark.theme

2023/11/09 (18:46:35) | ===> btop++ v.1.2.13
2023/11/09 (18:46:35) | INFO: Logger set to DEBUG
2023/11/09 (18:46:35) | DEBUG: Using locale en_US.UTF-8
2023/11/09 (18:46:35) | INFO: Running on /dev/pts/1
2023/11/09 (18:46:35) | DEBUG: Loading theme file: /usr/share/btop/themes/gruvbox_material_dark.theme

2023/11/09 (18:58:49) | ===> btop++ v.1.2.13
2023/11/09 (18:58:49) | INFO: Logger set to DEBUG
2023/11/09 (18:58:49) | DEBUG: Using locale en_US.UTF-8
2023/11/09 (18:58:49) | INFO: Running on /dev/pts/2
2023/11/09 (18:58:49) | DEBUG: Loading theme file: /usr/share/btop/themes/gruvbox_material_dark.theme

2023/11/09 (19:17:14) | ===> btop++ v.1.2.13
2023/11/09 (19:17:14) | INFO: Logger set to DEBUG
2023/11/09 (19:17:14) | DEBUG: Using locale en_US.UTF-8
2023/11/09 (19:17:14) | INFO: Running on /dev/pts/1
2023/11/09 (19:17:14) | DEBUG: Loading theme file: /usr/share/btop/themes/gruvbox_material_dark.theme

2023/11/11 (15:28:33) | ===> btop++ v.1.2.13
2023/11/11 (15:28:33) | INFO: Logger set to DEBUG
2023/11/11 (15:28:33) | DEBUG: Using locale en_US.UTF-8
2023/11/11 (15:28:33) | INFO: Running on /dev/pts/2
2023/11/11 (15:28:34) | DEBUG: Loading theme file: /usr/share/btop/themes/gruvbox_material_dark.theme

2023/11/11 (15:29:03) | ===> btop++ v.1.2.13
2023/11/11 (15:29:03) | INFO: Logger set to DEBUG
2023/11/11 (15:29:03) | DEBUG: Using locale en_US.UTF-8
2023/11/11 (15:29:03) | INFO: Running on /dev/pts/0
2023/11/11 (15:29:04) | DEBUG: Loading theme file: /usr/share/btop/themes/gruvbox_material_dark.theme

2023/11/12 (17:46:47) | ===> btop++ v.1.2.13
2023/11/12 (17:46:47) | INFO: Logger set to DEBUG
2023/11/12 (17:46:47) | DEBUG: Using locale en_US.UTF-8
2023/11/12 (17:46:47) | INFO: Running on /dev/pts/0
2023/11/12 (17:46:47) | DEBUG: Loading theme file: /usr/share/btop/themes/gruvbox_material_dark.theme

2023/11/15 (23:24:39) | ===> btop++ v.1.2.13
2023/11/15 (23:24:39) | INFO: Logger set to DEBUG
2023/11/15 (23:24:39) | DEBUG: Using locale en_US.UTF-8
2023/11/15 (23:24:39) | INFO: Running on /dev/pts/0
2023/11/15 (23:24:39) | DEBUG: Loading theme file: /usr/share/btop/themes/gruvbox_material_dark.theme

2023/11/19 (18:47:25) | ===> btop++ v.1.2.13
2023/11/19 (18:47:25) | INFO: Logger set to DEBUG
2023/11/19 (18:47:25) | DEBUG: Using locale en_US.UTF-8
2023/11/19 (18:47:25) | INFO: Running on /dev/pts/7
2023/11/19 (18:47:25) | DEBUG: Loading theme file: /usr/share/btop/themes/gruvbox_material_dark.theme

2023/11/21 (15:16:08) | ===> btop++ v.1.2.13
2023/11/21 (15:16:08) | INFO: Logger set to DEBUG
2023/11/21 (15:16:08) | DEBUG: Using locale en_US.UTF-8
2023/11/21 (15:16:08) | INFO: Running on /dev/pts/7
2023/11/21 (15:16:08) | DEBUG: Loading theme file: /usr/share/btop/themes/gruvbox_material_dark.theme

2023/11/21 (17:03:40) | ===> btop++ v.1.2.13
2023/11/21 (17:03:40) | INFO: Logger set to DEBUG
2023/11/21 (17:03:40) | DEBUG: Using locale en_US.UTF-8
2023/11/21 (17:03:40) | INFO: Running on /dev/pts/6
2023/11/21 (17:03:40) | DEBUG: Loading theme file: /usr/share/btop/themes/gruvbox_material_dark.theme

2023/11/22 (16:12:32) | ===> btop++ v.1.2.13
2023/11/22 (16:12:32) | INFO: Logger set to DEBUG
2023/11/22 (16:12:32) | DEBUG: Using locale en_US.UTF-8
2023/11/22 (16:12:32) | INFO: Running on /dev/pts/0
2023/11/22 (16:12:32) | DEBUG: Loading theme file: /usr/share/btop/themes/gruvbox_material_dark.theme

2023/11/25 (14:50:27) | ===> btop++ v.1.2.13
2023/11/25 (14:50:27) | INFO: Logger set to DEBUG
2023/11/25 (14:50:27) | DEBUG: Using locale en_US.UTF-8
2023/11/25 (14:50:27) | INFO: Running on /dev/pts/2
2023/11/25 (14:50:27) | DEBUG: Loading theme file: /usr/share/btop/themes/gruvbox_material_dark.theme

2023/11/25 (19:52:13) | ===> btop++ v.1.2.13
2023/11/25 (19:52:13) | INFO: Logger set to DEBUG
2023/11/25 (19:52:13) | DEBUG: Using locale en_US.UTF-8
2023/11/25 (19:52:13) | INFO: Running on /dev/pts/2
2023/11/25 (19:52:13) | DEBUG: Loading theme file: /usr/share/btop/themes/gruvbox_material_dark.theme

2023/11/25 (19:52:52) | ===> btop++ v.1.2.13
2023/11/25 (19:52:52) | INFO: Logger set to DEBUG
2023/11/25 (19:52:52) | DEBUG: Using locale en_US.UTF-8
2023/11/25 (19:52:52) | INFO: Running on /dev/pts/2
2023/11/25 (19:52:52) | DEBUG: Loading theme file: /usr/share/btop/themes/gruvbox_material_dark.theme

2023/11/27 (13:20:46) | ===> btop++ v.1.2.13
2023/11/27 (13:20:46) | INFO: Logger set to DEBUG
2023/11/27 (13:20:46) | DEBUG: Using locale en_US.UTF-8
2023/11/27 (13:20:46) | INFO: Running on /dev/pts/0
2023/11/27 (13:20:46) | DEBUG: Loading theme file: /usr/share/btop/themes/gruvbox_material_dark.theme

2023/11/27 (21:01:01) | ===> btop++ v.1.2.13
2023/11/27 (21:01:01) | INFO: Logger set to DEBUG
2023/11/27 (21:01:01) | DEBUG: Using locale en_US.UTF-8
2023/11/27 (21:01:01) | INFO: Running on /dev/pts/2
2023/11/27 (21:01:01) | DEBUG: Loading theme file: /usr/share/btop/themes/gruvbox_material_dark.theme

2023/11/28 (21:38:00) | ===> btop++ v.1.2.13
2023/11/28 (21:38:00) | INFO: Logger set to DEBUG
2023/11/28 (21:38:00) | DEBUG: Using locale en_US.UTF-8
2023/11/28 (21:38:00) | INFO: Running on /dev/pts/7
2023/11/28 (21:38:00) | DEBUG: Loading theme file: /usr/share/btop/themes/gruvbox_material_dark.theme

2023/11/29 (15:35:06) | ===> btop++ v.1.2.13
2023/11/29 (15:35:06) | INFO: Logger set to DEBUG
2023/11/29 (15:35:06) | DEBUG: Using locale en_US.UTF-8
2023/11/29 (15:35:06) | INFO: Running on /dev/pts/4
2023/11/29 (15:35:06) | DEBUG: Loading theme file: /usr/share/btop/themes/gruvbox_material_dark.theme

2023/11/29 (19:18:11) | ===> btop++ v.1.2.13
2023/11/29 (19:18:11) | INFO: Logger set to DEBUG
2023/11/29 (19:18:11) | DEBUG: Using locale en_US.UTF-8
2023/11/29 (19:18:11) | INFO: Running on /dev/pts/4
2023/11/29 (19:18:12) | DEBUG: Loading theme file: /usr/share/btop/themes/gruvbox_material_dark.theme

2023/11/30 (01:12:07) | ===> btop++ v.1.2.13
2023/11/30 (01:12:07) | INFO: Logger set to DEBUG
2023/11/30 (01:12:07) | DEBUG: Using locale en_US.UTF-8
2023/11/30 (01:12:07) | INFO: Running on /dev/pts/1
2023/11/30 (01:12:07) | DEBUG: Loading theme file: /usr/share/btop/themes/gruvbox_material_dark.theme

2023/12/01 (18:57:18) | ===> btop++ v.1.2.13
2023/12/01 (18:57:18) | INFO: Logger set to DEBUG
2023/12/01 (18:57:18) | DEBUG: Using locale en_US.UTF-8
2023/12/01 (18:57:18) | INFO: Running on /dev/pts/0
2023/12/01 (18:57:18) | DEBUG: Loading theme file: /usr/share/btop/themes/gruvbox_material_dark.theme

2023/12/05 (15:50:19) | ===> btop++ v.1.2.13
2023/12/05 (15:50:19) | INFO: Logger set to DEBUG
2023/12/05 (15:50:19) | DEBUG: Using locale en_US.UTF-8
2023/12/05 (15:50:19) | INFO: Running on /dev/pts/3
2023/12/05 (15:50:19) | DEBUG: Loading theme file: /usr/share/btop/themes/gruvbox_material_dark.theme

2023/12/05 (16:15:02) | ===> btop++ v.1.2.13
2023/12/05 (16:15:02) | INFO: Logger set to DEBUG
2023/12/05 (16:15:02) | DEBUG: Using locale en_US.UTF-8
2023/12/05 (16:15:02) | INFO: Running on /dev/pts/3
2023/12/05 (16:15:02) | DEBUG: Loading theme file: /usr/share/btop/themes/gruvbox_material_dark.theme

2023/12/07 (17:50:20) | ===> btop++ v.1.2.13
2023/12/07 (17:50:20) | INFO: Logger set to DEBUG
2023/12/07 (17:50:20) | DEBUG: Using locale en_US.UTF-8
2023/12/07 (17:50:20) | INFO: Running on /dev/pts/2
2023/12/07 (17:50:20) | DEBUG: Loading theme file: /usr/share/btop/themes/gruvbox_material_dark.theme

2023/12/07 (18:06:09) | ===> btop++ v.1.2.13
2023/12/07 (18:06:09) | INFO: Logger set to DEBUG
2023/12/07 (18:06:09) | DEBUG: Using locale en_US.UTF-8
2023/12/07 (18:06:09) | INFO: Running on /dev/pts/0
2023/12/07 (18:06:09) | DEBUG: Loading theme file: /usr/share/btop/themes/gruvbox_material_dark.theme

2023/12/10 (15:04:01) | ===> btop++ v.1.2.13
2023/12/10 (15:04:01) | INFO: Logger set to DEBUG
2023/12/10 (15:04:01) | DEBUG: Using locale en_US.UTF-8
2023/12/10 (15:04:01) | INFO: Running on /dev/pts/5
2023/12/10 (15:04:01) | DEBUG: Loading theme file: /usr/share/btop/themes/gruvbox_material_dark.theme
2023/12/10 (15:04:43) | INFO: Quitting! Runtime: 00:00:42

2023/12/10 (20:11:29) | ===> btop++ v.1.2.13
2023/12/10 (20:11:29) | INFO: Logger set to DEBUG
2023/12/10 (20:11:29) | DEBUG: Using locale en_US.UTF-8
2023/12/10 (20:11:29) | INFO: Running on /dev/pts/6
2023/12/10 (20:11:29) | DEBUG: Loading theme file: /usr/share/btop/themes/gruvbox_material_dark.theme

2023/12/19 (19:01:47) | ===> btop++ v.1.2.13
2023/12/19 (19:01:47) | INFO: Logger set to DEBUG
2023/12/19 (19:01:47) | DEBUG: Using locale en_US.UTF-8
2023/12/19 (19:01:47) | INFO: Running on /dev/pts/0
2023/12/19 (19:01:47) | DEBUG: Loading theme file: /usr/share/btop/themes/gruvbox_material_dark.theme

2023/12/22 (16:08:38) | ===> btop++ v.1.2.13
2023/12/22 (16:08:38) | INFO: Logger set to DEBUG
2023/12/22 (16:08:38) | DEBUG: Using locale en_US.UTF-8
2023/12/22 (16:08:38) | INFO: Running on /dev/pts/2
2023/12/22 (16:08:38) | DEBUG: Loading theme file: /usr/share/btop/themes/gruvbox_material_dark.theme

2023/12/27 (20:37:46) | ===> btop++ v.1.2.13
2023/12/27 (20:37:46) | INFO: Logger set to DEBUG
2023/12/27 (20:37:46) | DEBUG: Using locale en_US.UTF-8
2023/12/27 (20:37:46) | INFO: Running on /dev/pts/1
2023/12/27 (20:37:46) | DEBUG: Loading theme file: /usr/share/btop/themes/gruvbox_material_dark.theme

2023/12/28 (19:25:59) | ===> btop++ v.1.2.13
2023/12/28 (19:25:59) | INFO: Logger set to DEBUG
2023/12/28 (19:25:59) | DEBUG: Using locale en_US.UTF-8
2023/12/28 (19:25:59) | INFO: Running on /dev/pts/1
2023/12/28 (19:25:59) | DEBUG: Loading theme file: /usr/share/btop/themes/gruvbox_material_dark.theme

2023/12/28 (19:53:41) | ===> btop++ v.1.2.13
2023/12/28 (19:53:41) | INFO: Logger set to DEBUG
2023/12/28 (19:53:41) | DEBUG: Using locale en_US.UTF-8
2023/12/28 (19:53:41) | INFO: Running on /dev/pts/2
2023/12/28 (19:53:41) | DEBUG: Loading theme file: /usr/share/btop/themes/gruvbox_material_dark.theme

2023/12/28 (20:05:01) | ===> btop++ v.1.2.13
2023/12/28 (20:05:01) | INFO: Logger set to DEBUG
2023/12/28 (20:05:01) | DEBUG: Using locale en_US.UTF-8
2023/12/28 (20:05:01) | INFO: Running on /dev/pts/0
2023/12/28 (20:05:01) | DEBUG: Loading theme file: /usr/share/btop/themes/gruvbox_material_dark.theme

2024/01/04 (22:27:56) | ===> btop++ v.1.2.13
2024/01/04 (22:27:56) | INFO: Logger set to DEBUG
2024/01/04 (22:27:56) | DEBUG: Using locale en_US.UTF-8
2024/01/04 (22:27:56) | INFO: Running on /dev/pts/1
2024/01/04 (22:27:56) | DEBUG: Loading theme file: /usr/share/btop/themes/gruvbox_material_dark.theme

2024/01/07 (17:09:18) | ===> btop++ v.1.2.13
2024/01/07 (17:09:18) | INFO: Logger set to DEBUG
2024/01/07 (17:09:18) | DEBUG: Using locale en_US.UTF-8
2024/01/07 (17:09:18) | INFO: Running on /dev/pts/3
2024/01/07 (17:09:18) | DEBUG: Loading theme file: /usr/share/btop/themes/gruvbox_material_dark.theme

2024/01/08 (22:41:09) | ===> btop++ v.1.2.13
2024/01/08 (22:41:09) | INFO: Logger set to DEBUG
2024/01/08 (22:41:09) | DEBUG: Using locale en_US.UTF-8
2024/01/08 (22:41:09) | INFO: Running on /dev/pts/4
2024/01/08 (22:41:09) | DEBUG: Loading theme file: /usr/share/btop/themes/gruvbox_material_dark.theme

2024/01/09 (17:51:59) | ===> btop++ v.1.2.13
2024/01/09 (17:51:59) | INFO: Logger set to DEBUG
2024/01/09 (17:51:59) | DEBUG: Using locale en_US.UTF-8
2024/01/09 (17:51:59) | INFO: Running on /dev/pts/3
2024/01/09 (17:51:59) | DEBUG: Loading theme file: /usr/share/btop/themes/gruvbox_material_dark.theme

2024/01/14 (17:24:58) | ===> btop++ v.1.2.13
2024/01/14 (17:24:58) | INFO: Logger set to DEBUG
2024/01/14 (17:24:58) | DEBUG: Using locale en_US.UTF-8
2024/01/14 (17:24:58) | INFO: Running on /dev/pts/7
2024/01/14 (17:24:58) | DEBUG: Loading theme file: /usr/share/btop/themes/gruvbox_material_dark.theme

2024/01/16 (20:30:32) | ===> btop++ v.1.2.13
2024/01/16 (20:30:32) | INFO: Logger set to DEBUG
2024/01/16 (20:30:32) | DEBUG: Using locale en_US.UTF-8
2024/01/16 (20:30:32) | INFO: Running on /dev/pts/9
2024/01/16 (20:30:32) | DEBUG: Loading theme file: /usr/share/btop/themes/gruvbox_material_dark.theme

2024/01/25 (11:46:10) | ===> btop++ v.1.2.13
2024/01/25 (11:46:10) | INFO: Logger set to DEBUG
2024/01/25 (11:46:10) | DEBUG: Using locale en_US.UTF-8
2024/01/25 (11:46:10) | INFO: Running on /dev/pts/1
2024/01/25 (11:46:10) | DEBUG: Loading theme file: /usr/share/btop/themes/gruvbox_material_dark.theme

2024/01/25 (15:54:09) | ===> btop++ v.1.2.13
2024/01/25 (15:54:09) | INFO: Logger set to DEBUG
2024/01/25 (15:54:09) | DEBUG: Using locale en_US.UTF-8
2024/01/25 (15:54:09) | INFO: Running on /dev/pts/3
2024/01/25 (15:54:09) | DEBUG: Loading theme file: /usr/share/btop/themes/gruvbox_material_dark.theme

2024/01/28 (16:33:14) | ===> btop++ v.1.2.13
2024/01/28 (16:33:14) | INFO: Logger set to DEBUG
2024/01/28 (16:33:14) | DEBUG: Using locale en_US.UTF-8
2024/01/28 (16:33:14) | INFO: Running on /dev/pts/4
2024/01/28 (16:33:14) | DEBUG: Loading theme file: /usr/share/btop/themes/gruvbox_material_dark.theme

2024/01/29 (14:46:14) | ===> btop++ v.1.2.13
2024/01/29 (14:46:14) | INFO: Logger set to DEBUG
2024/01/29 (14:46:14) | DEBUG: Using locale en_US.UTF-8
2024/01/29 (14:46:14) | INFO: Running on /dev/pts/4
2024/01/29 (14:46:14) | DEBUG: Loading theme file: /usr/share/btop/themes/gruvbox_material_dark.theme
2024/01/29 (14:47:19) | DEBUG: Writing new config file
2024/01/29 (14:47:19) | INFO: Quitting! Runtime: 00:01:05

2024/01/29 (14:49:28) | ===> btop++ v.1.2.13
2024/01/29 (14:49:28) | INFO: Logger set to DEBUG
2024/01/29 (14:49:28) | DEBUG: Using locale en_US.UTF-8
2024/01/29 (14:49:28) | INFO: Running on /dev/pts/4
2024/01/29 (14:49:28) | DEBUG: Loading theme file: /usr/share/btop/themes/gruvbox_material_dark.theme

2024/01/29 (16:47:15) | ===> btop++ v.1.2.13
2024/01/29 (16:47:15) | INFO: Logger set to DEBUG
2024/01/29 (16:47:15) | DEBUG: Using locale en_US.UTF-8
2024/01/29 (16:47:15) | INFO: Running on /dev/pts/1
2024/01/29 (16:47:15) | DEBUG: Loading theme file: /usr/share/btop/themes/gruvbox_material_dark.theme
2024/01/29 (17:05:34) | INFO: Quitting! Runtime: 00:18:19

2024/01/30 (20:35:07) | ===> btop++ v.1.2.13
2024/01/30 (20:35:07) | INFO: Logger set to DEBUG
2024/01/30 (20:35:07) | DEBUG: Using locale en_US.UTF-8
2024/01/30 (20:35:07) | INFO: Running on /dev/pts/10
2024/01/30 (20:35:08) | DEBUG: Loading theme file: /usr/share/btop/themes/gruvbox_material_dark.theme

2024/01/31 (16:22:57) | ===> btop++ v.1.2.13
2024/01/31 (16:22:57) | INFO: Logger set to DEBUG
2024/01/31 (16:22:57) | DEBUG: Using locale en_US.UTF-8
2024/01/31 (16:22:57) | INFO: Running on /dev/pts/6
2024/01/31 (16:22:57) | DEBUG: Loading theme file: /usr/share/btop/themes/gruvbox_material_dark.theme

2024/02/01 (13:24:39) | ===> btop++ v.1.2.13
2024/02/01 (13:24:39) | INFO: Logger set to DEBUG
2024/02/01 (13:24:39) | DEBUG: Using locale en_US.UTF-8
2024/02/01 (13:24:39) | INFO: Running on /dev/pts/2
2024/02/01 (13:24:39) | DEBUG: Loading theme file: /usr/share/btop/themes/gruvbox_material_dark.theme
2024/02/01 (13:25:05) | ERROR: Stall in Runner thread, restarting!
2024/02/01 (13:25:37) | ERROR: Stall in Runner thread, restarting!
2024/02/01 (13:26:29) | ERROR: Stall in Runner thread, restarting!
2024/02/01 (13:27:08) | ERROR: Stall in Runner thread, restarting!
2024/02/01 (13:40:27) | ERROR: Runner thread died unexpectedly!
2024/02/01 (13:40:27) | INFO: Quitting! Runtime: 00:15:48

2024/02/09 (15:05:20) | ===> btop++ v.1.2.13
2024/02/09 (15:05:20) | INFO: Logger set to DEBUG
2024/02/09 (15:05:20) | DEBUG: Using locale en_US.UTF-8
2024/02/09 (15:05:20) | INFO: Running on /dev/pts/2
2024/02/09 (15:05:20) | DEBUG: Loading theme file: /usr/share/btop/themes/gruvbox_material_dark.theme

2024/02/11 (16:49:46) | ===> btop++ v.1.3.0
2024/02/11 (16:49:46) | INFO: Logger set to DEBUG
2024/02/11 (16:49:46) | DEBUG: Using locale en_US.UTF-8
2024/02/11 (16:49:46) | INFO: Running on /dev/pts/5
2024/02/11 (16:49:46) | DEBUG: Shared::init() : Initialized.
2024/02/11 (16:49:46) | DEBUG: Loading theme file: /usr/share/btop/themes/gruvbox_material_dark.theme

2024/02/11 (18:25:52) | ===> btop++ v.1.3.0
2024/02/11 (18:25:52) | INFO: Logger set to DEBUG
2024/02/11 (18:25:52) | DEBUG: Using locale en_US.UTF-8
2024/02/11 (18:25:52) | INFO: Running on /dev/pts/3
2024/02/11 (18:25:52) | DEBUG: Shared::init() : Initialized.
2024/02/11 (18:25:52) | DEBUG: Loading theme file: /usr/share/btop/themes/gruvbox_material_dark.theme

2024/02/11 (18:44:06) | ===> btop++ v.1.3.0
2024/02/11 (18:44:06) | INFO: Logger set to DEBUG
2024/02/11 (18:44:06) | DEBUG: Using locale en_US.UTF-8
2024/02/11 (18:44:06) | INFO: Running on /dev/pts/0
2024/02/11 (18:44:06) | DEBUG: Shared::init() : Initialized.
2024/02/11 (18:44:06) | DEBUG: Loading theme file: /usr/share/btop/themes/gruvbox_material_dark.theme

2024/02/11 (23:15:21) | ===> btop++ v.1.3.1
2024/02/11 (23:15:21) | INFO: Logger set to DEBUG
2024/02/11 (23:15:21) | DEBUG: Using locale en_US.UTF-8
2024/02/11 (23:15:21) | INFO: Running on /dev/pts/7
2024/02/11 (23:15:21) | DEBUG: Failed to initialize NVML, NVIDIA GPUs will not be detected: Driver Not Loaded
2024/02/11 (23:15:21) | INFO: Failed to load librocm_smi64.so, AMD GPUs will not be detected: librocm_smi64.so.1.0: cannot open shared object file: No such file or directory
2024/02/11 (23:15:21) | DEBUG: Shared::init() : Initialized.
2024/02/11 (23:15:21) | DEBUG: Loading theme file: /usr/share/btop/themes/gruvbox_material_dark.theme

2024/02/12 (14:27:18) | ===> btop++ v.1.3.1
2024/02/12 (14:27:18) | INFO: Logger set to DEBUG
2024/02/12 (14:27:18) | DEBUG: Using locale en_US.UTF-8
2024/02/12 (14:27:18) | INFO: Running on /dev/pts/2
2024/02/12 (14:27:18) | DEBUG: Failed to initialize NVML, NVIDIA GPUs will not be detected: Driver Not Loaded
2024/02/12 (14:27:18) | INFO: Failed to load librocm_smi64.so, AMD GPUs will not be detected: librocm_smi64.so.1.0: cannot open shared object file: No such file or directory
2024/02/12 (14:27:18) | DEBUG: Shared::init() : Initialized.
2024/02/12 (14:27:18) | DEBUG: Loading theme file: /usr/share/btop/themes/gruvbox_material_dark.theme

2024/02/14 (16:59:46) | ===> btop++ v.1.3.2
2024/02/14 (16:59:46) | INFO: Logger set to DEBUG
2024/02/14 (16:59:46) | DEBUG: Using locale en_US.UTF-8
2024/02/14 (16:59:46) | INFO: Running on /dev/pts/2
2024/02/14 (16:59:46) | DEBUG: Failed to initialize NVML, NVIDIA GPUs will not be detected: Driver Not Loaded
2024/02/14 (16:59:46) | INFO: Failed to load librocm_smi64.so, AMD GPUs will not be detected: librocm_smi64.so.6: cannot open shared object file: No such file or directory
2024/02/14 (16:59:46) | DEBUG: Shared::init() : Initialized.
2024/02/14 (16:59:46) | DEBUG: Loading theme file: /usr/share/btop/themes/gruvbox_material_dark.theme

2024/02/14 (17:02:29) | ===> btop++ v.1.3.2
2024/02/14 (17:02:29) | INFO: Logger set to DEBUG
2024/02/14 (17:02:29) | DEBUG: Using locale en_US.UTF-8
2024/02/14 (17:02:29) | INFO: Running on /dev/pts/0
2024/02/14 (17:02:29) | DEBUG: Failed to initialize NVML, NVIDIA GPUs will not be detected: Driver Not Loaded
2024/02/14 (17:02:29) | INFO: Failed to load librocm_smi64.so, AMD GPUs will not be detected: librocm_smi64.so.6: cannot open shared object file: No such file or directory
2024/02/14 (17:02:29) | DEBUG: Shared::init() : Initialized.
2024/02/14 (17:02:29) | DEBUG: Loading theme file: /usr/share/btop/themes/gruvbox_material_dark.theme
2024/02/14 (17:32:02) | DEBUG: Writing new config file
2024/02/14 (17:32:02) | INFO: Quitting! Runtime: 00:29:33

2024/02/18 (14:18:25) | ===> btop++ v.1.3.2
2024/02/18 (14:18:25) | INFO: Logger set to DEBUG
2024/02/18 (14:18:25) | DEBUG: Using locale en_US.UTF-8
2024/02/18 (14:18:25) | INFO: Running on /dev/pts/3
2024/02/18 (14:18:25) | DEBUG: Failed to initialize NVML, NVIDIA GPUs will not be detected: Driver Not Loaded
2024/02/18 (14:18:25) | INFO: Failed to load librocm_smi64.so, AMD GPUs will not be detected: librocm_smi64.so.6: cannot open shared object file: No such file or directory
2024/02/18 (14:18:25) | DEBUG: Shared::init() : Initialized.
2024/02/18 (14:18:25) | DEBUG: Loading theme file: /usr/share/btop/themes/gruvbox_material_dark.theme

2024/02/18 (14:18:29) | ===> btop++ v.1.3.2
2024/02/18 (14:18:29) | INFO: Logger set to DEBUG
2024/02/18 (14:18:29) | DEBUG: Using locale en_US.UTF-8
2024/02/18 (14:18:29) | INFO: Running on /dev/pts/3
2024/02/18 (14:18:30) | DEBUG: Failed to initialize NVML, NVIDIA GPUs will not be detected: Driver Not Loaded
2024/02/18 (14:18:30) | INFO: Failed to load librocm_smi64.so, AMD GPUs will not be detected: librocm_smi64.so.6: cannot open shared object file: No such file or directory
2024/02/18 (14:18:30) | DEBUG: Shared::init() : Initialized.
2024/02/18 (14:18:30) | DEBUG: Loading theme file: /usr/share/btop/themes/gruvbox_material_dark.theme

2024/02/18 (14:18:32) | ===> btop++ v.1.3.2
2024/02/18 (14:18:32) | INFO: Logger set to DEBUG
2024/02/18 (14:18:32) | DEBUG: Using locale en_US.UTF-8
2024/02/18 (14:18:32) | INFO: Running on /dev/pts/3
2024/02/18 (14:18:32) | DEBUG: Failed to initialize NVML, NVIDIA GPUs will not be detected: Driver Not Loaded
2024/02/18 (14:18:32) | INFO: Failed to load librocm_smi64.so, AMD GPUs will not be detected: librocm_smi64.so.6: cannot open shared object file: No such file or directory
2024/02/18 (14:18:32) | DEBUG: Shared::init() : Initialized.
2024/02/18 (14:18:32) | DEBUG: Loading theme file: /usr/share/btop/themes/gruvbox_material_dark.theme

2024/02/18 (14:18:39) | ===> btop++ v.1.3.2
2024/02/18 (14:18:39) | INFO: Logger set to DEBUG
2024/02/18 (14:18:39) | DEBUG: Using locale en_US.UTF-8
2024/02/18 (14:18:39) | INFO: Running on /dev/pts/3
2024/02/18 (14:18:39) | DEBUG: Failed to initialize NVML, NVIDIA GPUs will not be detected: Driver Not Loaded
2024/02/18 (14:18:39) | INFO: Failed to load librocm_smi64.so, AMD GPUs will not be detected: librocm_smi64.so.6: cannot open shared object file: No such file or directory
2024/02/18 (14:18:39) | DEBUG: Shared::init() : Initialized.
2024/02/18 (14:18:39) | DEBUG: Loading theme file: /usr/share/btop/themes/gruvbox_material_dark.theme

2024/02/18 (14:18:42) | ===> btop++ v.1.3.2
2024/02/18 (14:18:42) | INFO: Logger set to DEBUG
2024/02/18 (14:18:42) | DEBUG: Using locale en_US.UTF-8
2024/02/18 (14:18:42) | INFO: Running on /dev/pts/3
2024/02/18 (14:18:42) | DEBUG: Failed to initialize NVML, NVIDIA GPUs will not be detected: Driver Not Loaded
2024/02/18 (14:18:42) | INFO: Failed to load librocm_smi64.so, AMD GPUs will not be detected: librocm_smi64.so.6: cannot open shared object file: No such file or directory
2024/02/18 (14:18:42) | DEBUG: Shared::init() : Initialized.
2024/02/18 (14:18:42) | DEBUG: Loading theme file: /usr/share/btop/themes/gruvbox_material_dark.theme

2024/02/18 (14:18:56) | ===> btop++ v.1.3.2
2024/02/18 (14:18:56) | INFO: Logger set to DEBUG
2024/02/18 (14:18:56) | DEBUG: Using locale en_US.UTF-8
2024/02/18 (14:18:56) | INFO: Running on /dev/pts/3
2024/02/18 (14:18:57) | DEBUG: Failed to initialize NVML, NVIDIA GPUs will not be detected: Driver Not Loaded
2024/02/18 (14:18:57) | INFO: Failed to load librocm_smi64.so, AMD GPUs will not be detected: librocm_smi64.so.6: cannot open shared object file: No such file or directory
2024/02/18 (14:18:57) | DEBUG: Shared::init() : Initialized.
2024/02/18 (14:18:57) | DEBUG: Loading theme file: /usr/share/btop/themes/gruvbox_material_dark.theme

2024/02/18 (14:18:59) | ===> btop++ v.1.3.2
2024/02/18 (14:18:59) | INFO: Logger set to DEBUG
2024/02/18 (14:18:59) | DEBUG: Using locale en_US.UTF-8
2024/02/18 (14:18:59) | INFO: Running on /dev/pts/3
2024/02/18 (14:18:59) | DEBUG: Failed to initialize NVML, NVIDIA GPUs will not be detected: Driver Not Loaded
2024/02/18 (14:18:59) | INFO: Failed to load librocm_smi64.so, AMD GPUs will not be detected: librocm_smi64.so.6: cannot open shared object file: No such file or directory
2024/02/18 (14:18:59) | DEBUG: Shared::init() : Initialized.
2024/02/18 (14:18:59) | DEBUG: Loading theme file: /usr/share/btop/themes/gruvbox_material_dark.theme

2024/02/18 (23:42:02) | ===> btop++ v.1.3.2
2024/02/18 (23:42:02) | INFO: Logger set to DEBUG
2024/02/18 (23:42:02) | DEBUG: Using locale en_US.UTF-8
2024/02/18 (23:42:02) | INFO: Running on /dev/pts/1
2024/02/18 (23:42:02) | DEBUG: Failed to initialize NVML, NVIDIA GPUs will not be detected: Driver Not Loaded
2024/02/18 (23:42:02) | INFO: Failed to load librocm_smi64.so, AMD GPUs will not be detected: librocm_smi64.so.6: cannot open shared object file: No such file or directory
2024/02/18 (23:42:02) | DEBUG: Shared::init() : Initialized.
2024/02/18 (23:42:02) | DEBUG: Loading theme file: /usr/share/btop/themes/gruvbox_material_dark.theme
2024/02/18 (23:42:33) | DEBUG: Writing new config file
2024/02/18 (23:42:33) | INFO: Quitting! Runtime: 00:00:31

2024/02/19 (18:26:12) | ===> btop++ v.1.3.2
2024/02/19 (18:26:12) | INFO: Logger set to DEBUG
2024/02/19 (18:26:12) | DEBUG: Using locale en_US.UTF-8
2024/02/19 (18:26:12) | INFO: Running on /dev/pts/3
2024/02/19 (18:26:12) | DEBUG: Failed to initialize NVML, NVIDIA GPUs will not be detected: Driver Not Loaded
2024/02/19 (18:26:12) | INFO: Failed to load librocm_smi64.so, AMD GPUs will not be detected: librocm_smi64.so.6: cannot open shared object file: No such file or directory
2024/02/19 (18:26:12) | DEBUG: Shared::init() : Initialized.
2024/02/19 (18:26:12) | DEBUG: Loading theme file: /usr/share/btop/themes/gruvbox_material_dark.theme

2024/02/19 (18:26:38) | ===> btop++ v.1.3.2
2024/02/19 (18:26:38) | INFO: Logger set to DEBUG
2024/02/19 (18:26:38) | DEBUG: Using locale en_US.UTF-8
2024/02/19 (18:26:38) | INFO: Running on /dev/pts/3
2024/02/19 (18:26:38) | DEBUG: Failed to initialize NVML, NVIDIA GPUs will not be detected: Driver Not Loaded
2024/02/19 (18:26:38) | INFO: Failed to load librocm_smi64.so, AMD GPUs will not be detected: librocm_smi64.so.6: cannot open shared object file: No such file or directory
2024/02/19 (18:26:38) | DEBUG: Shared::init() : Initialized.
2024/02/19 (18:26:38) | DEBUG: Loading theme file: /usr/share/btop/themes/gruvbox_material_dark.theme

2024/02/19 (18:28:07) | ===> btop++ v.1.3.2
2024/02/19 (18:28:07) | INFO: Logger set to DEBUG
2024/02/19 (18:28:07) | DEBUG: Using locale en_US.UTF-8
2024/02/19 (18:28:07) | INFO: Running on /dev/pts/2
2024/02/19 (18:28:07) | DEBUG: Failed to initialize NVML, NVIDIA GPUs will not be detected: Driver Not Loaded
2024/02/19 (18:28:07) | INFO: Failed to load librocm_smi64.so, AMD GPUs will not be detected: librocm_smi64.so.6: cannot open shared object file: No such file or directory
2024/02/19 (18:28:07) | DEBUG: Shared::init() : Initialized.
2024/02/19 (18:28:07) | DEBUG: Loading theme file: /usr/share/btop/themes/gruvbox_material_dark.theme

2024/02/20 (17:09:09) | ===> btop++ v.1.3.2
2024/02/20 (17:09:09) | INFO: Logger set to DEBUG
2024/02/20 (17:09:09) | DEBUG: Using locale en_US.UTF-8
2024/02/20 (17:09:09) | INFO: Running on /dev/pts/3
2024/02/20 (17:09:09) | DEBUG: Failed to initialize NVML, NVIDIA GPUs will not be detected: Driver Not Loaded
2024/02/20 (17:09:09) | INFO: Failed to load librocm_smi64.so, AMD GPUs will not be detected: librocm_smi64.so.6: cannot open shared object file: No such file or directory
2024/02/20 (17:09:09) | DEBUG: Shared::init() : Initialized.
2024/02/20 (17:09:09) | DEBUG: Loading theme file: /usr/share/btop/themes/gruvbox_material_dark.theme

2024/02/20 (17:36:14) | ===> btop++ v.1.3.2
2024/02/20 (17:36:14) | INFO: Logger set to DEBUG
2024/02/20 (17:36:14) | DEBUG: Using locale en_US.UTF-8
2024/02/20 (17:36:14) | INFO: Running on /dev/pts/0
2024/02/20 (17:36:14) | DEBUG: Failed to initialize NVML, NVIDIA GPUs will not be detected: Driver Not Loaded
2024/02/20 (17:36:14) | INFO: Failed to load librocm_smi64.so, AMD GPUs will not be detected: librocm_smi64.so.6: cannot open shared object file: No such file or directory
2024/02/20 (17:36:14) | DEBUG: Shared::init() : Initialized.
2024/02/20 (17:36:14) | DEBUG: Loading theme file: /usr/share/btop/themes/gruvbox_material_dark.theme

2024/02/20 (17:36:23) | ===> btop++ v.1.3.2
2024/02/20 (17:36:23) | INFO: Logger set to DEBUG
2024/02/20 (17:36:23) | DEBUG: Using locale en_US.UTF-8
2024/02/20 (17:36:23) | INFO: Running on /dev/pts/0
2024/02/20 (17:36:23) | DEBUG: Failed to initialize NVML, NVIDIA GPUs will not be detected: Driver Not Loaded
2024/02/20 (17:36:23) | INFO: Failed to load librocm_smi64.so, AMD GPUs will not be detected: librocm_smi64.so.6: cannot open shared object file: No such file or directory
2024/02/20 (17:36:23) | DEBUG: Shared::init() : Initialized.
2024/02/20 (17:36:23) | DEBUG: Loading theme file: /usr/share/btop/themes/gruvbox_material_dark.theme

2024/02/20 (17:36:32) | ===> btop++ v.1.3.2
2024/02/20 (17:36:32) | INFO: Logger set to DEBUG
2024/02/20 (17:36:32) | DEBUG: Using locale en_US.UTF-8
2024/02/20 (17:36:32) | INFO: Running on /dev/pts/0
2024/02/20 (17:36:33) | DEBUG: Failed to initialize NVML, NVIDIA GPUs will not be detected: Driver Not Loaded
2024/02/20 (17:36:33) | INFO: Failed to load librocm_smi64.so, AMD GPUs will not be detected: librocm_smi64.so.6: cannot open shared object file: No such file or directory
2024/02/20 (17:36:33) | DEBUG: Shared::init() : Initialized.
2024/02/20 (17:36:33) | DEBUG: Loading theme file: /usr/share/btop/themes/gruvbox_material_dark.theme
